[0.246s] DEBUG:colcon:Command line arguments: ['/usr/bin/colcon', 'build']
[0.246s] DEBUG:colcon:Parsed command line arguments: Namespace(allow_overriding=[], ament_cmake_args=None, base_paths=['.'], build_base='build', catkin_cmake_args=None, catkin_skip_building_tests=False, cmake_args=None, cmake_clean_cache=False, cmake_clean_first=False, cmake_force_configure=False, cmake_target=None, cmake_target_skip_unavailable=False, continue_on_error=False, event_handlers=None, executor='parallel', ignore_user_meta=False, install_base='install', log_base=None, log_level=None, main=<bound method BuildVerb.main of <colcon_core.verb.build.BuildVerb object at 0x7f688a3f7a60>>, merge_install=False, metas=['./colcon.meta'], packages_above=None, packages_above_and_dependencies=None, packages_above_depth=None, packages_end=None, packages_ignore=None, packages_ignore_regex=None, packages_select=None, packages_select_build_failed=False, packages_select_by_dep=None, packages_select_regex=None, packages_select_test_failures=False, packages_skip=None, packages_skip_build_finished=False, packages_skip_by_dep=None, packages_skip_regex=None, packages_skip_test_passed=False, packages_skip_up_to=None, packages_start=None, packages_up_to=None, packages_up_to_regex=None, parallel_workers=4, paths=None, symlink_install=False, test_result_base=None, verb_extension=<colcon_core.verb.build.BuildVerb object at 0x7f688a3f7a60>, verb_name='build', verb_parser=<colcon_defaults.argument_parser.defaults.DefaultArgumentsDecorator object at 0x7f688a298400>)
[0.423s] Level 1:colcon.colcon_core.package_discovery:discover_packages(colcon_meta) check parameters
[0.423s] Level 1:colcon.colcon_core.package_discovery:discover_packages(recursive) check parameters
[0.423s] Level 1:colcon.colcon_core.package_discovery:discover_packages(ignore) check parameters
[0.423s] Level 1:colcon.colcon_core.package_discovery:discover_packages(path) check parameters
[0.423s] Level 1:colcon.colcon_core.package_discovery:discover_packages(colcon_meta) discover
[0.423s] Level 1:colcon.colcon_core.package_discovery:discover_packages(recursive) discover
[0.423s] INFO:colcon.colcon_core.package_discovery:Crawling recursively for packages in '/home/krish/myBot'
[0.423s] Level 1:colcon.colcon_core.package_identification:_identify(.) by extensions ['ignore', 'ignore_ament_install']
[0.423s] Level 1:colcon.colcon_core.package_identification:_identify(.) by extension 'ignore'
[0.423s] Level 1:colcon.colcon_core.package_identification:_identify(.) by extension 'ignore_ament_install'
[0.423s] Level 1:colcon.colcon_core.package_identification:_identify(.) by extensions ['colcon_pkg']
[0.424s] Level 1:colcon.colcon_core.package_identification:_identify(.) by extension 'colcon_pkg'
[0.424s] Level 1:colcon.colcon_core.package_identification:_identify(.) by extensions ['colcon_meta']
[0.424s] Level 1:colcon.colcon_core.package_identification:_identify(.) by extension 'colcon_meta'
[0.424s] Level 1:colcon.colcon_core.package_identification:_identify(.) by extensions ['ros']
[0.424s] Level 1:colcon.colcon_core.package_identification:_identify(.) by extension 'ros'
[0.439s] Level 1:colcon.colcon_core.package_identification:_identify(.) by extensions ['cmake', 'python']
[0.439s] Level 1:colcon.colcon_core.package_identification:_identify(.) by extension 'cmake'
[0.439s] Level 1:colcon.colcon_core.package_identification:_identify(.) by extension 'python'
[0.439s] Level 1:colcon.colcon_core.package_identification:_identify(.) by extensions ['python_setup_py']
[0.439s] Level 1:colcon.colcon_core.package_identification:_identify(.) by extension 'python_setup_py'
[0.439s] Level 1:colcon.colcon_core.package_identification:_identify(build) by extensions ['ignore', 'ignore_ament_install']
[0.439s] Level 1:colcon.colcon_core.package_identification:_identify(build) by extension 'ignore'
[0.439s] Level 1:colcon.colcon_core.package_identification:_identify(build) ignored
[0.439s] Level 1:colcon.colcon_core.package_identification:_identify(install) by extensions ['ignore', 'ignore_ament_install']
[0.439s] Level 1:colcon.colcon_core.package_identification:_identify(install) by extension 'ignore'
[0.439s] Level 1:colcon.colcon_core.package_identification:_identify(install) ignored
[0.440s] Level 1:colcon.colcon_core.package_identification:_identify(log) by extensions ['ignore', 'ignore_ament_install']
[0.440s] Level 1:colcon.colcon_core.package_identification:_identify(log) by extension 'ignore'
[0.440s] Level 1:colcon.colcon_core.package_identification:_identify(log) ignored
[0.440s] Level 1:colcon.colcon_core.package_identification:_identify(src) by extensions ['ignore', 'ignore_ament_install']
[0.440s] Level 1:colcon.colcon_core.package_identification:_identify(src) by extension 'ignore'
[0.440s] Level 1:colcon.colcon_core.package_identification:_identify(src) by extension 'ignore_ament_install'
[0.440s] Level 1:colcon.colcon_core.package_identification:_identify(src) by extensions ['colcon_pkg']
[0.440s] Level 1:colcon.colcon_core.package_identification:_identify(src) by extension 'colcon_pkg'
[0.440s] Level 1:colcon.colcon_core.package_identification:_identify(src) by extensions ['colcon_meta']
[0.440s] Level 1:colcon.colcon_core.package_identification:_identify(src) by extension 'colcon_meta'
[0.440s] Level 1:colcon.colcon_core.package_identification:_identify(src) by extensions ['ros']
[0.440s] Level 1:colcon.colcon_core.package_identification:_identify(src) by extension 'ros'
[0.440s] Level 1:colcon.colcon_core.package_identification:_identify(src) by extensions ['cmake', 'python']
[0.440s] Level 1:colcon.colcon_core.package_identification:_identify(src) by extension 'cmake'
[0.440s] Level 1:colcon.colcon_core.package_identification:_identify(src) by extension 'python'
[0.440s] Level 1:colcon.colcon_core.package_identification:_identify(src) by extensions ['python_setup_py']
[0.440s] Level 1:colcon.colcon_core.package_identification:_identify(src) by extension 'python_setup_py'
[0.440s] Level 1:colcon.colcon_core.package_identification:_identify(src/mybot_bringup) by extensions ['ignore', 'ignore_ament_install']
[0.441s] Level 1:colcon.colcon_core.package_identification:_identify(src/mybot_bringup) by extension 'ignore'
[0.441s] Level 1:colcon.colcon_core.package_identification:_identify(src/mybot_bringup) by extension 'ignore_ament_install'
[0.441s] Level 1:colcon.colcon_core.package_identification:_identify(src/mybot_bringup) by extensions ['colcon_pkg']
[0.441s] Level 1:colcon.colcon_core.package_identification:_identify(src/mybot_bringup) by extension 'colcon_pkg'
[0.441s] Level 1:colcon.colcon_core.package_identification:_identify(src/mybot_bringup) by extensions ['colcon_meta']
[0.441s] Level 1:colcon.colcon_core.package_identification:_identify(src/mybot_bringup) by extension 'colcon_meta'
[0.441s] Level 1:colcon.colcon_core.package_identification:_identify(src/mybot_bringup) by extensions ['ros']
[0.441s] Level 1:colcon.colcon_core.package_identification:_identify(src/mybot_bringup) by extension 'ros'
[0.444s] DEBUG:colcon.colcon_core.package_identification:Package 'src/mybot_bringup' with type 'ros.ament_cmake' and name 'mybot_bringup'
[0.444s] Level 1:colcon.colcon_core.package_identification:_identify(src/mybot_controller) by extensions ['ignore', 'ignore_ament_install']
[0.444s] Level 1:colcon.colcon_core.package_identification:_identify(src/mybot_controller) by extension 'ignore'
[0.444s] Level 1:colcon.colcon_core.package_identification:_identify(src/mybot_controller) by extension 'ignore_ament_install'
[0.445s] Level 1:colcon.colcon_core.package_identification:_identify(src/mybot_controller) by extensions ['colcon_pkg']
[0.445s] Level 1:colcon.colcon_core.package_identification:_identify(src/mybot_controller) by extension 'colcon_pkg'
[0.445s] Level 1:colcon.colcon_core.package_identification:_identify(src/mybot_controller) by extensions ['colcon_meta']
[0.445s] Level 1:colcon.colcon_core.package_identification:_identify(src/mybot_controller) by extension 'colcon_meta'
[0.445s] Level 1:colcon.colcon_core.package_identification:_identify(src/mybot_controller) by extensions ['ros']
[0.445s] Level 1:colcon.colcon_core.package_identification:_identify(src/mybot_controller) by extension 'ros'
[0.446s] DEBUG:colcon.colcon_core.package_identification:Package 'src/mybot_controller' with type 'ros.ament_python' and name 'mybot_controller'
[0.446s] Level 1:colcon.colcon_core.package_discovery:discover_packages(recursive) using defaults
[0.446s] Level 1:colcon.colcon_core.package_discovery:discover_packages(ignore) discover
[0.446s] Level 1:colcon.colcon_core.package_discovery:discover_packages(ignore) using defaults
[0.446s] Level 1:colcon.colcon_core.package_discovery:discover_packages(path) discover
[0.447s] Level 1:colcon.colcon_core.package_discovery:discover_packages(path) using defaults
[0.468s] Level 1:colcon.colcon_core.package_discovery:discover_packages(prefix_path) check parameters
[0.468s] Level 1:colcon.colcon_core.package_discovery:discover_packages(prefix_path) discover
[0.470s] DEBUG:colcon.colcon_installed_package_information.package_discovery:Found 2 installed packages in /home/krish/myBot/install
[0.472s] DEBUG:colcon.colcon_installed_package_information.package_discovery:Found 256 installed packages in /opt/ros/foxy
[0.474s] Level 1:colcon.colcon_core.package_discovery:discover_packages(prefix_path) using defaults
[0.555s] Level 5:colcon.colcon_core.verb:set package 'mybot_bringup' build argument 'cmake_args' from command line to 'None'
[0.555s] Level 5:colcon.colcon_core.verb:set package 'mybot_bringup' build argument 'cmake_target' from command line to 'None'
[0.555s] Level 5:colcon.colcon_core.verb:set package 'mybot_bringup' build argument 'cmake_target_skip_unavailable' from command line to 'False'
[0.555s] Level 5:colcon.colcon_core.verb:set package 'mybot_bringup' build argument 'cmake_clean_cache' from command line to 'False'
[0.555s] Level 5:colcon.colcon_core.verb:set package 'mybot_bringup' build argument 'cmake_clean_first' from command line to 'False'
[0.555s] Level 5:colcon.colcon_core.verb:set package 'mybot_bringup' build argument 'cmake_force_configure' from command line to 'False'
[0.555s] Level 5:colcon.colcon_core.verb:set package 'mybot_bringup' build argument 'ament_cmake_args' from command line to 'None'
[0.555s] Level 5:colcon.colcon_core.verb:set package 'mybot_bringup' build argument 'catkin_cmake_args' from command line to 'None'
[0.555s] Level 5:colcon.colcon_core.verb:set package 'mybot_bringup' build argument 'catkin_skip_building_tests' from command line to 'False'
[0.556s] DEBUG:colcon.colcon_core.verb:Building package 'mybot_bringup' with the following arguments: {'ament_cmake_args': None, 'build_base': '/home/krish/myBot/build/mybot_bringup', 'catkin_cmake_args': None, 'catkin_skip_building_tests': False, 'cmake_args': None, 'cmake_clean_cache': False, 'cmake_clean_first': False, 'cmake_force_configure': False, 'cmake_target': None, 'cmake_target_skip_unavailable': False, 'install_base': '/home/krish/myBot/install/mybot_bringup', 'merge_install': False, 'path': '/home/krish/myBot/src/mybot_bringup', 'symlink_install': False, 'test_result_base': None}
[0.556s] Level 5:colcon.colcon_core.verb:set package 'mybot_controller' build argument 'cmake_args' from command line to 'None'
[0.556s] Level 5:colcon.colcon_core.verb:set package 'mybot_controller' build argument 'cmake_target' from command line to 'None'
[0.556s] Level 5:colcon.colcon_core.verb:set package 'mybot_controller' build argument 'cmake_target_skip_unavailable' from command line to 'False'
[0.556s] Level 5:colcon.colcon_core.verb:set package 'mybot_controller' build argument 'cmake_clean_cache' from command line to 'False'
[0.556s] Level 5:colcon.colcon_core.verb:set package 'mybot_controller' build argument 'cmake_clean_first' from command line to 'False'
[0.556s] Level 5:colcon.colcon_core.verb:set package 'mybot_controller' build argument 'cmake_force_configure' from command line to 'False'
[0.556s] Level 5:colcon.colcon_core.verb:set package 'mybot_controller' build argument 'ament_cmake_args' from command line to 'None'
[0.556s] Level 5:colcon.colcon_core.verb:set package 'mybot_controller' build argument 'catkin_cmake_args' from command line to 'None'
[0.556s] Level 5:colcon.colcon_core.verb:set package 'mybot_controller' build argument 'catkin_skip_building_tests' from command line to 'False'
[0.556s] DEBUG:colcon.colcon_core.verb:Building package 'mybot_controller' with the following arguments: {'ament_cmake_args': None, 'build_base': '/home/krish/myBot/build/mybot_controller', 'catkin_cmake_args': None, 'catkin_skip_building_tests': False, 'cmake_args': None, 'cmake_clean_cache': False, 'cmake_clean_first': False, 'cmake_force_configure': False, 'cmake_target': None, 'cmake_target_skip_unavailable': False, 'install_base': '/home/krish/myBot/install/mybot_controller', 'merge_install': False, 'path': '/home/krish/myBot/src/mybot_controller', 'symlink_install': False, 'test_result_base': None}
[0.556s] INFO:colcon.colcon_core.executor:Executing jobs using 'parallel' executor
[0.558s] DEBUG:colcon.colcon_parallel_executor.executor.parallel:run_until_complete
[0.559s] INFO:colcon.colcon_ros.task.ament_cmake.build:Building ROS package in '/home/krish/myBot/src/mybot_bringup' with build type 'ament_cmake'
[0.559s] INFO:colcon.colcon_cmake.task.cmake.build:Building CMake package in '/home/krish/myBot/src/mybot_bringup'
[0.561s] INFO:colcon.colcon_core.plugin_system:Skipping extension 'colcon_core.shell.bat': Not used on non-Windows systems
[0.562s] INFO:colcon.colcon_core.shell:Skip shell extension 'powershell' for command environment: Not usable outside of PowerShell
[0.562s] DEBUG:colcon.colcon_core.shell:Skip shell extension 'dsv' for command environment
[0.570s] INFO:colcon.colcon_ros.task.ament_python.build:Building ROS package in '/home/krish/myBot/src/mybot_controller' with build type 'ament_python'
[0.570s] Level 1:colcon.colcon_core.shell:create_environment_hook('mybot_controller', 'ament_prefix_path')
[0.571s] INFO:colcon.colcon_core.shell:Creating environment hook '/home/krish/myBot/install/mybot_controller/share/mybot_controller/hook/ament_prefix_path.ps1'
[0.572s] INFO:colcon.colcon_core.shell:Creating environment descriptor '/home/krish/myBot/install/mybot_controller/share/mybot_controller/hook/ament_prefix_path.dsv'
[0.573s] INFO:colcon.colcon_core.shell:Creating environment hook '/home/krish/myBot/install/mybot_controller/share/mybot_controller/hook/ament_prefix_path.sh'
[0.574s] INFO:colcon.colcon_core.shell:Skip shell extension 'powershell' for command environment: Not usable outside of PowerShell
[0.574s] DEBUG:colcon.colcon_core.shell:Skip shell extension 'dsv' for command environment
[0.591s] DEBUG:colcon.colcon_core.event_handler.log_command:Invoking command in '/home/krish/myBot/build/mybot_bringup': CMAKE_PREFIX_PATH=${CMAKE_PREFIX_PATH}:/home/krish/myBot/install/mybot_controller:/opt/ros/foxy /usr/bin/cmake /home/krish/myBot/src/mybot_bringup -DCMAKE_INSTALL_PREFIX=/home/krish/myBot/install/mybot_bringup
[0.866s] INFO:colcon.colcon_core.task.python.build:Building Python package in '/home/krish/myBot/src/mybot_controller'
[0.867s] INFO:colcon.colcon_core.shell:Skip shell extension 'powershell' for command environment: Not usable outside of PowerShell
[0.867s] DEBUG:colcon.colcon_core.shell:Skip shell extension 'dsv' for command environment
[0.954s] DEBUG:colcon.colcon_core.event_handler.log_command:Invoked command in '/home/krish/myBot/build/mybot_bringup' returned '0': CMAKE_PREFIX_PATH=${CMAKE_PREFIX_PATH}:/home/krish/myBot/install/mybot_controller:/opt/ros/foxy /usr/bin/cmake /home/krish/myBot/src/mybot_bringup -DCMAKE_INSTALL_PREFIX=/home/krish/myBot/install/mybot_bringup
[0.959s] DEBUG:colcon.colcon_core.event_handler.log_command:Invoking command in '/home/krish/myBot/build/mybot_bringup': CMAKE_PREFIX_PATH=${CMAKE_PREFIX_PATH}:/home/krish/myBot/install/mybot_controller:/opt/ros/foxy /usr/bin/cmake --build /home/krish/myBot/build/mybot_bringup -- -j4 -l4
[1.009s] DEBUG:colcon.colcon_core.event_handler.log_command:Invoked command in '/home/krish/myBot/build/mybot_bringup' returned '0': CMAKE_PREFIX_PATH=${CMAKE_PREFIX_PATH}:/home/krish/myBot/install/mybot_controller:/opt/ros/foxy /usr/bin/cmake --build /home/krish/myBot/build/mybot_bringup -- -j4 -l4
[1.062s] DEBUG:colcon.colcon_core.event_handler.log_command:Invoking command in '/home/krish/myBot/build/mybot_bringup': CMAKE_PREFIX_PATH=${CMAKE_PREFIX_PATH}:/home/krish/myBot/install/mybot_controller:/opt/ros/foxy /usr/bin/cmake --install /home/krish/myBot/build/mybot_bringup
[1.104s] Level 1:colcon.colcon_core.environment:create_environment_scripts_only(mybot_bringup)
[1.106s] DEBUG:colcon.colcon_core.event_handler.log_command:Invoked command in '/home/krish/myBot/build/mybot_bringup' returned '0': CMAKE_PREFIX_PATH=${CMAKE_PREFIX_PATH}:/home/krish/myBot/install/mybot_controller:/opt/ros/foxy /usr/bin/cmake --install /home/krish/myBot/build/mybot_bringup
[1.108s] Level 1:colcon.colcon_core.environment:checking '/home/krish/myBot/install/mybot_bringup' for CMake module files
[1.109s] Level 1:colcon.colcon_core.environment:checking '/home/krish/myBot/install/mybot_bringup' for CMake config files
[1.109s] Level 1:colcon.colcon_core.shell:create_environment_hook('mybot_bringup', 'cmake_prefix_path')
[1.109s] INFO:colcon.colcon_core.shell:Creating environment hook '/home/krish/myBot/install/mybot_bringup/share/mybot_bringup/hook/cmake_prefix_path.ps1'
[1.110s] INFO:colcon.colcon_core.shell:Creating environment descriptor '/home/krish/myBot/install/mybot_bringup/share/mybot_bringup/hook/cmake_prefix_path.dsv'
[1.110s] INFO:colcon.colcon_core.shell:Creating environment hook '/home/krish/myBot/install/mybot_bringup/share/mybot_bringup/hook/cmake_prefix_path.sh'
[1.111s] Level 1:colcon.colcon_core.environment:checking '/home/krish/myBot/install/mybot_bringup/bin'
[1.111s] Level 1:colcon.colcon_core.environment:checking '/home/krish/myBot/install/mybot_bringup/lib/pkgconfig/mybot_bringup.pc'
[1.112s] Level 1:colcon.colcon_core.environment:checking '/home/krish/myBot/install/mybot_bringup/lib/python3.8/site-packages'
[1.112s] Level 1:colcon.colcon_core.environment:checking '/home/krish/myBot/install/mybot_bringup/bin'
[1.112s] INFO:colcon.colcon_core.shell:Creating package script '/home/krish/myBot/install/mybot_bringup/share/mybot_bringup/package.ps1'
[1.113s] INFO:colcon.colcon_core.shell:Creating package descriptor '/home/krish/myBot/install/mybot_bringup/share/mybot_bringup/package.dsv'
[1.114s] INFO:colcon.colcon_core.shell:Creating package script '/home/krish/myBot/install/mybot_bringup/share/mybot_bringup/package.sh'
[1.135s] INFO:colcon.colcon_core.shell:Creating package script '/home/krish/myBot/install/mybot_bringup/share/mybot_bringup/package.bash'
[1.136s] INFO:colcon.colcon_core.shell:Creating package script '/home/krish/myBot/install/mybot_bringup/share/mybot_bringup/package.zsh'
[1.137s] Level 1:colcon.colcon_core.environment:create_file_with_runtime_dependencies(/home/krish/myBot/install/mybot_bringup/share/colcon-core/packages/mybot_bringup)
[1.181s] Level 1:colcon.colcon_core.environment:create_environment_scripts_only(mybot_bringup)
[1.181s] Level 1:colcon.colcon_core.environment:checking '/home/krish/myBot/install/mybot_bringup' for CMake module files
[1.182s] Level 1:colcon.colcon_core.environment:checking '/home/krish/myBot/install/mybot_bringup' for CMake config files
[1.182s] Level 1:colcon.colcon_core.shell:create_environment_hook('mybot_bringup', 'cmake_prefix_path')
[1.183s] INFO:colcon.colcon_core.shell:Creating environment hook '/home/krish/myBot/install/mybot_bringup/share/mybot_bringup/hook/cmake_prefix_path.ps1'
[1.184s] INFO:colcon.colcon_core.shell:Creating environment descriptor '/home/krish/myBot/install/mybot_bringup/share/mybot_bringup/hook/cmake_prefix_path.dsv'
[1.184s] INFO:colcon.colcon_core.shell:Creating environment hook '/home/krish/myBot/install/mybot_bringup/share/mybot_bringup/hook/cmake_prefix_path.sh'
[1.185s] Level 1:colcon.colcon_core.environment:checking '/home/krish/myBot/install/mybot_bringup/bin'
[1.185s] Level 1:colcon.colcon_core.environment:checking '/home/krish/myBot/install/mybot_bringup/lib/pkgconfig/mybot_bringup.pc'
[1.186s] Level 1:colcon.colcon_core.environment:checking '/home/krish/myBot/install/mybot_bringup/lib/python3.8/site-packages'
[1.186s] Level 1:colcon.colcon_core.environment:checking '/home/krish/myBot/install/mybot_bringup/bin'
[1.186s] INFO:colcon.colcon_core.shell:Creating package script '/home/krish/myBot/install/mybot_bringup/share/mybot_bringup/package.ps1'
[1.187s] INFO:colcon.colcon_core.shell:Creating package descriptor '/home/krish/myBot/install/mybot_bringup/share/mybot_bringup/package.dsv'
[1.188s] INFO:colcon.colcon_core.shell:Creating package script '/home/krish/myBot/install/mybot_bringup/share/mybot_bringup/package.sh'
[1.188s] INFO:colcon.colcon_core.shell:Creating package script '/home/krish/myBot/install/mybot_bringup/share/mybot_bringup/package.bash'
[1.189s] INFO:colcon.colcon_core.shell:Creating package script '/home/krish/myBot/install/mybot_bringup/share/mybot_bringup/package.zsh'
[1.190s] Level 1:colcon.colcon_core.environment:create_file_with_runtime_dependencies(/home/krish/myBot/install/mybot_bringup/share/colcon-core/packages/mybot_bringup)
[1.375s] DEBUG:colcon.colcon_core.event_handler.log_command:Invoking command in '/home/krish/myBot/build/mybot_controller': PYTHONPATH=/home/krish/myBot/build/mybot_controller/prefix_override:/usr/lib/python3/dist-packages/colcon_core/task/python/colcon_distutils_commands:/home/krish/myBot/install/mybot_controller/lib/python3.8/site-packages:${PYTHONPATH} /usr/bin/python3 -W ignore:setup.py install is deprecated setup.py develop --uninstall --editable --build-directory /home/krish/myBot/build/mybot_controller/build
[1.816s] DEBUG:colcon.colcon_core.event_handler.log_command:Invoked command in '/home/krish/myBot/build/mybot_controller' returned '0': PYTHONPATH=/home/krish/myBot/build/mybot_controller/prefix_override:/usr/lib/python3/dist-packages/colcon_core/task/python/colcon_distutils_commands:/home/krish/myBot/install/mybot_controller/lib/python3.8/site-packages:${PYTHONPATH} /usr/bin/python3 -W ignore:setup.py install is deprecated setup.py develop --uninstall --editable --build-directory /home/krish/myBot/build/mybot_controller/build
[1.820s] DEBUG:colcon.colcon_core.event_handler.log_command:Invoking command in '/home/krish/myBot/src/mybot_controller': PYTHONPATH=/home/krish/myBot/build/mybot_controller/prefix_override:/usr/lib/python3/dist-packages/colcon_core/task/python/colcon_distutils_commands:/home/krish/myBot/install/mybot_controller/lib/python3.8/site-packages:${PYTHONPATH} /usr/bin/python3 -W ignore:setup.py install is deprecated setup.py egg_info --egg-base ../../build/mybot_controller build --build-base /home/krish/myBot/build/mybot_controller/build install --record /home/krish/myBot/build/mybot_controller/install.log --install-scripts $base/lib/mybot_controller --single-version-externally-managed install_data --force
[2.211s] Level 1:colcon.colcon_core.environment:checking '/home/krish/myBot/install/mybot_controller' for CMake module files
[2.212s] DEBUG:colcon.colcon_core.event_handler.log_command:Invoked command in '/home/krish/myBot/src/mybot_controller' returned '0': PYTHONPATH=/home/krish/myBot/build/mybot_controller/prefix_override:/usr/lib/python3/dist-packages/colcon_core/task/python/colcon_distutils_commands:/home/krish/myBot/install/mybot_controller/lib/python3.8/site-packages:${PYTHONPATH} /usr/bin/python3 -W ignore:setup.py install is deprecated setup.py egg_info --egg-base ../../build/mybot_controller build --build-base /home/krish/myBot/build/mybot_controller/build install --record /home/krish/myBot/build/mybot_controller/install.log --install-scripts $base/lib/mybot_controller --single-version-externally-managed install_data --force
[2.212s] Level 1:colcon.colcon_core.environment:checking '/home/krish/myBot/install/mybot_controller' for CMake config files
[2.213s] Level 1:colcon.colcon_core.environment:checking '/home/krish/myBot/install/mybot_controller/lib'
[2.213s] Level 1:colcon.colcon_core.environment:checking '/home/krish/myBot/install/mybot_controller/bin'
[2.213s] Level 1:colcon.colcon_core.environment:checking '/home/krish/myBot/install/mybot_controller/lib/pkgconfig/mybot_controller.pc'
[2.214s] Level 1:colcon.colcon_core.environment:checking '/home/krish/myBot/install/mybot_controller/lib/python3.8/site-packages'
[2.214s] Level 1:colcon.colcon_core.shell:create_environment_hook('mybot_controller', 'pythonpath')
[2.214s] INFO:colcon.colcon_core.shell:Creating environment hook '/home/krish/myBot/install/mybot_controller/share/mybot_controller/hook/pythonpath.ps1'
[2.215s] INFO:colcon.colcon_core.shell:Creating environment descriptor '/home/krish/myBot/install/mybot_controller/share/mybot_controller/hook/pythonpath.dsv'
[2.215s] INFO:colcon.colcon_core.shell:Creating environment hook '/home/krish/myBot/install/mybot_controller/share/mybot_controller/hook/pythonpath.sh'
[2.216s] Level 1:colcon.colcon_core.environment:checking '/home/krish/myBot/install/mybot_controller/bin'
[2.216s] Level 1:colcon.colcon_core.environment:create_environment_scripts_only(mybot_controller)
[2.216s] INFO:colcon.colcon_core.shell:Creating package script '/home/krish/myBot/install/mybot_controller/share/mybot_controller/package.ps1'
[2.217s] INFO:colcon.colcon_core.shell:Creating package descriptor '/home/krish/myBot/install/mybot_controller/share/mybot_controller/package.dsv'
[2.218s] INFO:colcon.colcon_core.shell:Creating package script '/home/krish/myBot/install/mybot_controller/share/mybot_controller/package.sh'
[2.219s] INFO:colcon.colcon_core.shell:Creating package script '/home/krish/myBot/install/mybot_controller/share/mybot_controller/package.bash'
[2.220s] INFO:colcon.colcon_core.shell:Creating package script '/home/krish/myBot/install/mybot_controller/share/mybot_controller/package.zsh'
[2.220s] Level 1:colcon.colcon_core.environment:create_file_with_runtime_dependencies(/home/krish/myBot/install/mybot_controller/share/colcon-core/packages/mybot_controller)
[2.220s] DEBUG:colcon.colcon_parallel_executor.executor.parallel:closing loop
[2.221s] DEBUG:colcon.colcon_parallel_executor.executor.parallel:loop closed
[2.221s] DEBUG:colcon.colcon_parallel_executor.executor.parallel:run_until_complete finished with '0'
[2.221s] DEBUG:colcon.colcon_core.event_reactor:joining thread
[2.228s] INFO:colcon.colcon_core.plugin_system:Skipping extension 'colcon_notification.desktop_notification.terminal_notifier': Not used on non-Darwin systems
[2.228s] INFO:colcon.colcon_core.plugin_system:Skipping extension 'colcon_notification.desktop_notification.win32': Not used on non-Windows systems
[2.228s] INFO:colcon.colcon_notification.desktop_notification:Sending desktop notification using 'notify2'
[2.251s] DEBUG:colcon.colcon_core.event_reactor:joined thread
[2.251s] INFO:colcon.colcon_core.shell:Creating prefix script '/home/krish/myBot/install/local_setup.ps1'
[2.253s] INFO:colcon.colcon_core.shell:Creating prefix util module '/home/krish/myBot/install/_local_setup_util_ps1.py'
[2.255s] INFO:colcon.colcon_core.shell:Creating prefix chain script '/home/krish/myBot/install/setup.ps1'
[2.257s] INFO:colcon.colcon_core.shell:Creating prefix script '/home/krish/myBot/install/local_setup.sh'
[2.257s] INFO:colcon.colcon_core.shell:Creating prefix util module '/home/krish/myBot/install/_local_setup_util_sh.py'
[2.258s] INFO:colcon.colcon_core.shell:Creating prefix chain script '/home/krish/myBot/install/setup.sh'
[2.260s] INFO:colcon.colcon_core.shell:Creating prefix script '/home/krish/myBot/install/local_setup.bash'
[2.260s] INFO:colcon.colcon_core.shell:Creating prefix chain script '/home/krish/myBot/install/setup.bash'
[2.262s] INFO:colcon.colcon_core.shell:Creating prefix script '/home/krish/myBot/install/local_setup.zsh'
[2.263s] INFO:colcon.colcon_core.shell:Creating prefix chain script '/home/krish/myBot/install/setup.zsh'
