[0.032s] Invoking command in '/home/krish/myBot/build/mybot_bringup': CMAKE_PREFIX_PATH=${CMAKE_PREFIX_PATH}:/home/krish/myBot/install/mybot_controller:/opt/ros/foxy /usr/bin/cmake --build /home/krish/myBot/build/mybot_bringup -- -j4 -l4
[0.070s] -- Found ament_cmake: 0.9.12 (/opt/ros/foxy/share/ament_cmake/cmake)
[0.106s] -- Using PYTHON_EXECUTABLE: /usr/bin/python3
[0.437s] -- Configuring done
[0.440s] -- Generating done
[0.441s] -- Build files have been written to: /home/krish/myBot/build/mybot_bringup
[0.469s] Invoked command in '/home/krish/myBot/build/mybot_bringup' returned '0': CMAKE_PREFIX_PATH=${CMAKE_PREFIX_PATH}:/home/krish/myBot/install/mybot_controller:/opt/ros/foxy /usr/bin/cmake --build /home/krish/myBot/build/mybot_bringup -- -j4 -l4
[0.526s] Invoking command in '/home/krish/myBot/build/mybot_bringup': CMAKE_PREFIX_PATH=${CMAKE_PREFIX_PATH}:/home/krish/myBot/install/mybot_controller:/opt/ros/foxy /usr/bin/cmake --install /home/krish/myBot/build/mybot_bringup
[0.536s] -- Install configuration: ""
[0.536s] -- Up-to-date: /home/krish/myBot/install/mybot_bringup/share/mybot_bringup/launch
[0.536s] -- Installing: /home/krish/myBot/install/mybot_bringup/share/mybot_bringup/launch/mybot_controller.launch.py
[0.537s] -- Up-to-date: /home/krish/myBot/install/mybot_bringup/share/ament_index/resource_index/package_run_dependencies/mybot_bringup
[0.537s] -- Installing: /home/krish/myBot/install/mybot_bringup/share/ament_index/resource_index/parent_prefix_path/mybot_bringup
[0.537s] -- Up-to-date: /home/krish/myBot/install/mybot_bringup/share/mybot_bringup/environment/ament_prefix_path.sh
[0.537s] -- Installing: /home/krish/myBot/install/mybot_bringup/share/mybot_bringup/environment/ament_prefix_path.dsv
[0.537s] -- Up-to-date: /home/krish/myBot/install/mybot_bringup/share/mybot_bringup/environment/path.sh
[0.538s] -- Installing: /home/krish/myBot/install/mybot_bringup/share/mybot_bringup/environment/path.dsv
[0.538s] -- Up-to-date: /home/krish/myBot/install/mybot_bringup/share/mybot_bringup/local_setup.bash
[0.538s] -- Up-to-date: /home/krish/myBot/install/mybot_bringup/share/mybot_bringup/local_setup.sh
[0.539s] -- Up-to-date: /home/krish/myBot/install/mybot_bringup/share/mybot_bringup/local_setup.zsh
[0.539s] -- Installing: /home/krish/myBot/install/mybot_bringup/share/mybot_bringup/local_setup.dsv
[0.539s] -- Installing: /home/krish/myBot/install/mybot_bringup/share/mybot_bringup/package.dsv
[0.539s] -- Up-to-date: /home/krish/myBot/install/mybot_bringup/share/ament_index/resource_index/packages/mybot_bringup
[0.539s] -- Up-to-date: /home/krish/myBot/install/mybot_bringup/share/mybot_bringup/cmake/mybot_bringupConfig.cmake
[0.539s] -- Up-to-date: /home/krish/myBot/install/mybot_bringup/share/mybot_bringup/cmake/mybot_bringupConfig-version.cmake
[0.539s] -- Installing: /home/krish/myBot/install/mybot_bringup/share/mybot_bringup/package.xml
[0.544s] Invoked command in '/home/krish/myBot/build/mybot_bringup' returned '0': CMAKE_PREFIX_PATH=${CMAKE_PREFIX_PATH}:/home/krish/myBot/install/mybot_controller:/opt/ros/foxy /usr/bin/cmake --install /home/krish/myBot/build/mybot_bringup
