/home/krish/myBot/install/mybot_controller/lib/python3.8/site-packages/mybot_controller/pose_subscriber.py
/home/krish/myBot/install/mybot_controller/lib/python3.8/site-packages/mybot_controller/draw_circle.py
/home/krish/myBot/install/mybot_controller/lib/python3.8/site-packages/mybot_controller/__init__.py
/home/krish/myBot/install/mybot_controller/lib/python3.8/site-packages/mybot_controller/turtle_test.py
/home/krish/myBot/install/mybot_controller/lib/python3.8/site-packages/mybot_controller/turtle_boundary_avoidance.py
/home/krish/myBot/install/mybot_controller/lib/python3.8/site-packages/mybot_controller/hello_world.py
/home/krish/myBot/install/mybot_controller/lib/python3.8/site-packages/mybot_controller/__pycache__/pose_subscriber.cpython-38.pyc
/home/krish/myBot/install/mybot_controller/lib/python3.8/site-packages/mybot_controller/__pycache__/draw_circle.cpython-38.pyc
/home/krish/myBot/install/mybot_controller/lib/python3.8/site-packages/mybot_controller/__pycache__/__init__.cpython-38.pyc
/home/krish/myBot/install/mybot_controller/lib/python3.8/site-packages/mybot_controller/__pycache__/turtle_test.cpython-38.pyc
/home/krish/myBot/install/mybot_controller/lib/python3.8/site-packages/mybot_controller/__pycache__/turtle_boundary_avoidance.cpython-38.pyc
/home/krish/myBot/install/mybot_controller/lib/python3.8/site-packages/mybot_controller/__pycache__/hello_world.cpython-38.pyc
/home/krish/myBot/install/mybot_controller/share/ament_index/resource_index/packages/mybot_controller
/home/krish/myBot/install/mybot_controller/share/mybot_controller/package.xml
/home/krish/myBot/install/mybot_controller/lib/python3.8/site-packages/mybot_controller-0.0.0-py3.8.egg-info/requires.txt
/home/krish/myBot/install/mybot_controller/lib/python3.8/site-packages/mybot_controller-0.0.0-py3.8.egg-info/entry_points.txt
/home/krish/myBot/install/mybot_controller/lib/python3.8/site-packages/mybot_controller-0.0.0-py3.8.egg-info/top_level.txt
/home/krish/myBot/install/mybot_controller/lib/python3.8/site-packages/mybot_controller-0.0.0-py3.8.egg-info/PKG-INFO
/home/krish/myBot/install/mybot_controller/lib/python3.8/site-packages/mybot_controller-0.0.0-py3.8.egg-info/SOURCES.txt
/home/krish/myBot/install/mybot_controller/lib/python3.8/site-packages/mybot_controller-0.0.0-py3.8.egg-info/dependency_links.txt
/home/krish/myBot/install/mybot_controller/lib/python3.8/site-packages/mybot_controller-0.0.0-py3.8.egg-info/zip-safe
/home/krish/myBot/install/mybot_controller/lib/mybot_controller/draw_circle
/home/krish/myBot/install/mybot_controller/lib/mybot_controller/hello_world
/home/krish/myBot/install/mybot_controller/lib/mybot_controller/pose_subscriber
/home/krish/myBot/install/mybot_controller/lib/mybot_controller/turtle_boundary_avoidance
