[0.770s] Invoking command in '/home/krish/myBot/src/mybot_controller': PYTHONPATH=/home/krish/myBot/build/mybot_controller/prefix_override:/usr/lib/python3/dist-packages/colcon_core/task/python/colcon_distutils_commands:/home/krish/myBot/install/mybot_controller/lib/python3.8/site-packages:${PYTHONPATH} /usr/bin/python3 -W ignore:setup.py install is deprecated setup.py egg_info --egg-base ../../build/mybot_controller build --build-base /home/krish/myBot/build/mybot_controller/build install --record /home/krish/myBot/build/mybot_controller/install.log --install-scripts $base/lib/mybot_controller --single-version-externally-managed install_data
[1.027s] running egg_info
[1.027s] writing ../../build/mybot_controller/mybot_controller.egg-info/PKG-INFO
[1.028s] writing dependency_links to ../../build/mybot_controller/mybot_controller.egg-info/dependency_links.txt
[1.028s] writing entry points to ../../build/mybot_controller/mybot_controller.egg-info/entry_points.txt
[1.028s] writing requirements to ../../build/mybot_controller/mybot_controller.egg-info/requires.txt
[1.029s] writing top-level names to ../../build/mybot_controller/mybot_controller.egg-info/top_level.txt
[1.076s] reading manifest file '../../build/mybot_controller/mybot_controller.egg-info/SOURCES.txt'
[1.077s] writing manifest file '../../build/mybot_controller/mybot_controller.egg-info/SOURCES.txt'
[1.078s] running build
[1.078s] running build_py
[1.078s] running install
[1.079s] running install_lib
[1.080s] running install_data
[1.081s] running install_egg_info
[1.082s] removing '/home/krish/myBot/install/mybot_controller/lib/python3.8/site-packages/mybot_controller-0.0.0-py3.8.egg-info' (and everything under it)
[1.083s] Copying ../../build/mybot_controller/mybot_controller.egg-info to /home/krish/myBot/install/mybot_controller/lib/python3.8/site-packages/mybot_controller-0.0.0-py3.8.egg-info
[1.084s] running install_scripts
[1.105s] Installing hello_world script to /home/krish/myBot/install/mybot_controller/lib/mybot_controller
[1.105s] writing list of installed files to '/home/krish/myBot/build/mybot_controller/install.log'
[1.144s] Invoked command in '/home/krish/myBot/src/mybot_controller' returned '0': PYTHONPATH=/home/krish/myBot/build/mybot_controller/prefix_override:/usr/lib/python3/dist-packages/colcon_core/task/python/colcon_distutils_commands:/home/krish/myBot/install/mybot_controller/lib/python3.8/site-packages:${PYTHONPATH} /usr/bin/python3 -W ignore:setup.py install is deprecated setup.py egg_info --egg-base ../../build/mybot_controller build --build-base /home/krish/myBot/build/mybot_controller/build install --record /home/krish/myBot/build/mybot_controller/install.log --install-scripts $base/lib/mybot_controller --single-version-externally-managed install_data
