[0.034s] Invoking command in '/home/krish/myBot/build/mybot_bringup': CMAKE_PREFIX_PATH=${CMAKE_PREFIX_PATH}:/home/krish/myBot/install/mybot_controller:/opt/ros/foxy /usr/bin/cmake /home/krish/myBot/src/mybot_bringup -DAMENT_CMAKE_SYMLINK_INSTALL=1 -DCMAKE_INSTALL_PREFIX=/home/krish/myBot/install/mybot_bringup
[0.048s] -- Found ament_cmake: 0.9.12 (/opt/ros/foxy/share/ament_cmake/cmake)
[0.084s] -- Using PYTHON_EXECUTABLE: /usr/bin/python3
[0.305s] -- Override CMake install command with custom implementation using symlinks instead of copying resources
[0.393s] -- Configuring done
[0.396s] -- Generating done
[0.397s] -- Build files have been written to: /home/krish/myBot/build/mybot_bringup
[0.401s] Invoked command in '/home/krish/myBot/build/mybot_bringup' returned '0': CMAKE_PREFIX_PATH=${CMAKE_PREFIX_PATH}:/home/krish/myBot/install/mybot_controller:/opt/ros/foxy /usr/bin/cmake /home/krish/myBot/src/mybot_bringup -DAMENT_CMAKE_SYMLINK_INSTALL=1 -DCMAKE_INSTALL_PREFIX=/home/krish/myBot/install/mybot_bringup
[0.406s] Invoking command in '/home/krish/myBot/build/mybot_bringup': CMAKE_PREFIX_PATH=${CMAKE_PREFIX_PATH}:/home/krish/myBot/install/mybot_controller:/opt/ros/foxy /usr/bin/cmake --build /home/krish/myBot/build/mybot_bringup -- -j4 -l4
[0.457s] Invoked command in '/home/krish/myBot/build/mybot_bringup' returned '0': CMAKE_PREFIX_PATH=${CMAKE_PREFIX_PATH}:/home/krish/myBot/install/mybot_controller:/opt/ros/foxy /usr/bin/cmake --build /home/krish/myBot/build/mybot_bringup -- -j4 -l4
[0.505s] Invoking command in '/home/krish/myBot/build/mybot_bringup': CMAKE_PREFIX_PATH=${CMAKE_PREFIX_PATH}:/home/krish/myBot/install/mybot_controller:/opt/ros/foxy /usr/bin/cmake --install /home/krish/myBot/build/mybot_bringup
[0.521s] -- Install configuration: ""
[0.522s] -- Execute custom install script
[0.522s] -- Up-to-date symlink: /home/krish/myBot/install/mybot_bringup/share/mybot_bringup/launch/catcher.launch.py
[0.522s] -- Up-to-date symlink: /home/krish/myBot/install/mybot_bringup/share/mybot_bringup/launch/mybot_controller.launch.py
[0.523s] -- Up-to-date symlink: /home/krish/myBot/install/mybot_bringup/share/ament_index/resource_index/package_run_dependencies/mybot_bringup
[0.523s] -- Up-to-date symlink: /home/krish/myBot/install/mybot_bringup/share/ament_index/resource_index/parent_prefix_path/mybot_bringup
[0.523s] -- Up-to-date symlink: /home/krish/myBot/install/mybot_bringup/share/mybot_bringup/environment/ament_prefix_path.sh
[0.524s] -- Up-to-date symlink: /home/krish/myBot/install/mybot_bringup/share/mybot_bringup/environment/ament_prefix_path.dsv
[0.524s] -- Up-to-date symlink: /home/krish/myBot/install/mybot_bringup/share/mybot_bringup/environment/path.sh
[0.524s] -- Up-to-date symlink: /home/krish/myBot/install/mybot_bringup/share/mybot_bringup/environment/path.dsv
[0.525s] -- Up-to-date symlink: /home/krish/myBot/install/mybot_bringup/share/mybot_bringup/local_setup.bash
[0.525s] -- Up-to-date symlink: /home/krish/myBot/install/mybot_bringup/share/mybot_bringup/local_setup.sh
[0.525s] -- Up-to-date symlink: /home/krish/myBot/install/mybot_bringup/share/mybot_bringup/local_setup.zsh
[0.526s] -- Up-to-date symlink: /home/krish/myBot/install/mybot_bringup/share/mybot_bringup/local_setup.dsv
[0.526s] -- Symlinking: /home/krish/myBot/install/mybot_bringup/share/mybot_bringup/package.dsv
[0.539s] -- Up-to-date symlink: /home/krish/myBot/install/mybot_bringup/share/ament_index/resource_index/packages/mybot_bringup
[0.539s] -- Up-to-date symlink: /home/krish/myBot/install/mybot_bringup/share/mybot_bringup/cmake/mybot_bringupConfig.cmake
[0.539s] -- Up-to-date symlink: /home/krish/myBot/install/mybot_bringup/share/mybot_bringup/cmake/mybot_bringupConfig-version.cmake
[0.540s] -- Up-to-date symlink: /home/krish/myBot/install/mybot_bringup/share/mybot_bringup/package.xml
[0.552s] Invoked command in '/home/krish/myBot/build/mybot_bringup' returned '0': CMAKE_PREFIX_PATH=${CMAKE_PREFIX_PATH}:/home/krish/myBot/install/mybot_controller:/opt/ros/foxy /usr/bin/cmake --install /home/krish/myBot/build/mybot_bringup
