-- Found ament_cmake: 0.9.12 (/opt/ros/foxy/share/ament_cmake/cmake)
-- Using PYTHON_EXECUTABLE: /usr/bin/python3
-- Override CMake install command with custom implementation using symlinks instead of copying resources
-- Configuring done
-- Generating done
-- Build files have been written to: /home/krish/myBot/build/mybot_bringup
-- Install configuration: ""
-- Execute custom install script
-- Symlinking: /home/krish/myBot/install/mybot_bringup/share/mybot_bringup/launch/mybot_controller.launch.py
-- Symlinking: /home/krish/myBot/install/mybot_bringup/share/ament_index/resource_index/package_run_dependencies/mybot_bringup
-- Symlinking: /home/krish/myBot/install/mybot_bringup/share/ament_index/resource_index/parent_prefix_path/mybot_bringup
-- Symlinking: /home/krish/myBot/install/mybot_bringup/share/mybot_bringup/environment/ament_prefix_path.sh
-- Symlinking: /home/krish/myBot/install/mybot_bringup/share/mybot_bringup/environment/ament_prefix_path.dsv
-- Symlinking: /home/krish/myBot/install/mybot_bringup/share/mybot_bringup/environment/path.sh
-- Symlinking: /home/krish/myBot/install/mybot_bringup/share/mybot_bringup/environment/path.dsv
-- Symlinking: /home/krish/myBot/install/mybot_bringup/share/mybot_bringup/local_setup.bash
-- Symlinking: /home/krish/myBot/install/mybot_bringup/share/mybot_bringup/local_setup.sh
-- Symlinking: /home/krish/myBot/install/mybot_bringup/share/mybot_bringup/local_setup.zsh
-- Symlinking: /home/krish/myBot/install/mybot_bringup/share/mybot_bringup/local_setup.dsv
-- Symlinking: /home/krish/myBot/install/mybot_bringup/share/mybot_bringup/package.dsv
-- Symlinking: /home/krish/myBot/install/mybot_bringup/share/ament_index/resource_index/packages/mybot_bringup
-- Symlinking: /home/krish/myBot/install/mybot_bringup/share/mybot_bringup/cmake/mybot_bringupConfig.cmake
-- Symlinking: /home/krish/myBot/install/mybot_bringup/share/mybot_bringup/cmake/mybot_bringupConfig-version.cmake
-- Symlinking: /home/krish/myBot/install/mybot_bringup/share/mybot_bringup/package.xml
