[0.037s] Invoking command in '/home/krish/myBot/build/mybot_bringup': CMAKE_PREFIX_PATH=${CMAKE_PREFIX_PATH}:/home/krish/myBot/install/mybot_controller:/opt/ros/foxy /usr/bin/cmake /home/krish/myBot/src/mybot_bringup -DAMENT_CMAKE_SYMLINK_INSTALL=1 -DCMAKE_INSTALL_PREFIX=/home/krish/myBot/install/mybot_bringup
[0.063s] -- Found ament_cmake: 0.9.12 (/opt/ros/foxy/share/ament_cmake/cmake)
[0.098s] -- Using PYTHON_EXECUTABLE: /usr/bin/python3
[0.328s] -- Override CMake install command with custom implementation using symlinks instead of copying resources
[0.425s] -- Configuring done
[0.429s] -- Generating done
[0.430s] -- Build files have been written to: /home/krish/myBot/build/mybot_bringup
[0.435s] Invoked command in '/home/krish/myBot/build/mybot_bringup' returned '0': CMAKE_PREFIX_PATH=${CMAKE_PREFIX_PATH}:/home/krish/myBot/install/mybot_controller:/opt/ros/foxy /usr/bin/cmake /home/krish/myBot/src/mybot_bringup -DAMENT_CMAKE_SYMLINK_INSTALL=1 -DCMAKE_INSTALL_PREFIX=/home/krish/myBot/install/mybot_bringup
[0.439s] Invoking command in '/home/krish/myBot/build/mybot_bringup': CMAKE_PREFIX_PATH=${CMAKE_PREFIX_PATH}:/home/krish/myBot/install/mybot_controller:/opt/ros/foxy /usr/bin/cmake --build /home/krish/myBot/build/mybot_bringup -- -j4 -l4
[0.491s] Invoked command in '/home/krish/myBot/build/mybot_bringup' returned '0': CMAKE_PREFIX_PATH=${CMAKE_PREFIX_PATH}:/home/krish/myBot/install/mybot_controller:/opt/ros/foxy /usr/bin/cmake --build /home/krish/myBot/build/mybot_bringup -- -j4 -l4
[0.546s] Invoking command in '/home/krish/myBot/build/mybot_bringup': CMAKE_PREFIX_PATH=${CMAKE_PREFIX_PATH}:/home/krish/myBot/install/mybot_controller:/opt/ros/foxy /usr/bin/cmake --install /home/krish/myBot/build/mybot_bringup
[0.557s] -- Install configuration: ""
[0.557s] -- Execute custom install script
[0.558s] -- Symlinking: /home/krish/myBot/install/mybot_bringup/share/mybot_bringup/launch/mybot_controller.launch.py
[0.571s] -- Symlinking: /home/krish/myBot/install/mybot_bringup/share/ament_index/resource_index/package_run_dependencies/mybot_bringup
[0.586s] -- Symlinking: /home/krish/myBot/install/mybot_bringup/share/ament_index/resource_index/parent_prefix_path/mybot_bringup
[0.599s] -- Symlinking: /home/krish/myBot/install/mybot_bringup/share/mybot_bringup/environment/ament_prefix_path.sh
[0.612s] -- Symlinking: /home/krish/myBot/install/mybot_bringup/share/mybot_bringup/environment/ament_prefix_path.dsv
[0.626s] -- Symlinking: /home/krish/myBot/install/mybot_bringup/share/mybot_bringup/environment/path.sh
[0.638s] -- Symlinking: /home/krish/myBot/install/mybot_bringup/share/mybot_bringup/environment/path.dsv
[0.651s] -- Symlinking: /home/krish/myBot/install/mybot_bringup/share/mybot_bringup/local_setup.bash
[0.667s] -- Symlinking: /home/krish/myBot/install/mybot_bringup/share/mybot_bringup/local_setup.sh
[0.675s] -- Symlinking: /home/krish/myBot/install/mybot_bringup/share/mybot_bringup/local_setup.zsh
[0.686s] -- Symlinking: /home/krish/myBot/install/mybot_bringup/share/mybot_bringup/local_setup.dsv
[0.699s] -- Symlinking: /home/krish/myBot/install/mybot_bringup/share/mybot_bringup/package.dsv
[0.712s] -- Symlinking: /home/krish/myBot/install/mybot_bringup/share/ament_index/resource_index/packages/mybot_bringup
[0.725s] -- Symlinking: /home/krish/myBot/install/mybot_bringup/share/mybot_bringup/cmake/mybot_bringupConfig.cmake
[0.739s] -- Symlinking: /home/krish/myBot/install/mybot_bringup/share/mybot_bringup/cmake/mybot_bringupConfig-version.cmake
[0.755s] -- Symlinking: /home/krish/myBot/install/mybot_bringup/share/mybot_bringup/package.xml
[0.772s] Invoked command in '/home/krish/myBot/build/mybot_bringup' returned '0': CMAKE_PREFIX_PATH=${CMAKE_PREFIX_PATH}:/home/krish/myBot/install/mybot_controller:/opt/ros/foxy /usr/bin/cmake --install /home/krish/myBot/build/mybot_bringup
