[0.819s] Invoking command in '/home/krish/myBot/src/mybot_controller': PYTHONPATH=/home/krish/myBot/build/mybot_controller/prefix_override:/usr/lib/python3/dist-packages/colcon_core/task/python/colcon_distutils_commands:/home/krish/myBot/install/mybot_controller/lib/python3.8/site-packages:${PYTHONPATH} /usr/bin/python3 -W ignore:setup.py install is deprecated setup.py egg_info --egg-base ../../build/mybot_controller build --build-base /home/krish/myBot/build/mybot_controller/build install --record /home/krish/myBot/build/mybot_controller/install.log --install-scripts $base/lib/mybot_controller --single-version-externally-managed install_data
[1.086s] running egg_info
[1.087s] writing ../../build/mybot_controller/mybot_controller.egg-info/PKG-INFO
[1.087s] writing dependency_links to ../../build/mybot_controller/mybot_controller.egg-info/dependency_links.txt
[1.087s] writing entry points to ../../build/mybot_controller/mybot_controller.egg-info/entry_points.txt
[1.087s] writing requirements to ../../build/mybot_controller/mybot_controller.egg-info/requires.txt
[1.087s] writing top-level names to ../../build/mybot_controller/mybot_controller.egg-info/top_level.txt
[1.135s] reading manifest file '../../build/mybot_controller/mybot_controller.egg-info/SOURCES.txt'
[1.136s] writing manifest file '../../build/mybot_controller/mybot_controller.egg-info/SOURCES.txt'
[1.137s] running build
[1.137s] running build_py
[1.137s] copying mybot_controller/pose_subscriber.py -> /home/krish/myBot/build/mybot_controller/build/lib/mybot_controller
[1.137s] running install
[1.138s] running install_lib
[1.139s] copying /home/krish/myBot/build/mybot_controller/build/lib/mybot_controller/pose_subscriber.py -> /home/krish/myBot/install/mybot_controller/lib/python3.8/site-packages/mybot_controller
[1.140s] byte-compiling /home/krish/myBot/install/mybot_controller/lib/python3.8/site-packages/mybot_controller/pose_subscriber.py to pose_subscriber.cpython-38.pyc
[1.142s] running install_data
[1.142s] running install_egg_info
[1.144s] removing '/home/krish/myBot/install/mybot_controller/lib/python3.8/site-packages/mybot_controller-0.0.0-py3.8.egg-info' (and everything under it)
[1.144s] Copying ../../build/mybot_controller/mybot_controller.egg-info to /home/krish/myBot/install/mybot_controller/lib/python3.8/site-packages/mybot_controller-0.0.0-py3.8.egg-info
[1.145s] running install_scripts
[1.167s] Installing draw_circle script to /home/krish/myBot/install/mybot_controller/lib/mybot_controller
[1.167s] Installing hello_world script to /home/krish/myBot/install/mybot_controller/lib/mybot_controller
[1.167s] Installing pose_subscriber script to /home/krish/myBot/install/mybot_controller/lib/mybot_controller
[1.167s] writing list of installed files to '/home/krish/myBot/build/mybot_controller/install.log'
[1.206s] Invoked command in '/home/krish/myBot/src/mybot_controller' returned '0': PYTHONPATH=/home/krish/myBot/build/mybot_controller/prefix_override:/usr/lib/python3/dist-packages/colcon_core/task/python/colcon_distutils_commands:/home/krish/myBot/install/mybot_controller/lib/python3.8/site-packages:${PYTHONPATH} /usr/bin/python3 -W ignore:setup.py install is deprecated setup.py egg_info --egg-base ../../build/mybot_controller build --build-base /home/krish/myBot/build/mybot_controller/build install --record /home/krish/myBot/build/mybot_controller/install.log --install-scripts $base/lib/mybot_controller --single-version-externally-managed install_data
