[0.811s] Invoking command in '/home/krish/myBot/src/mybot_controller': PYTHONPATH=/home/krish/myBot/build/mybot_controller/prefix_override:/usr/lib/python3/dist-packages/colcon_core/task/python/colcon_distutils_commands:/home/krish/myBot/install/mybot_controller/lib/python3.8/site-packages:${PYTHONPATH} /usr/bin/python3 -W ignore:setup.py install is deprecated setup.py egg_info --egg-base ../../build/mybot_controller build --build-base /home/krish/myBot/build/mybot_controller/build install --record /home/krish/myBot/build/mybot_controller/install.log --install-scripts $base/lib/mybot_controller --single-version-externally-managed install_data
[1.075s] running egg_info
[1.075s] writing ../../build/mybot_controller/mybot_controller.egg-info/PKG-INFO
[1.076s] writing dependency_links to ../../build/mybot_controller/mybot_controller.egg-info/dependency_links.txt
[1.076s] writing entry points to ../../build/mybot_controller/mybot_controller.egg-info/entry_points.txt
[1.076s] writing requirements to ../../build/mybot_controller/mybot_controller.egg-info/requires.txt
[1.076s] writing top-level names to ../../build/mybot_controller/mybot_controller.egg-info/top_level.txt
[1.124s] reading manifest file '../../build/mybot_controller/mybot_controller.egg-info/SOURCES.txt'
[1.125s] writing manifest file '../../build/mybot_controller/mybot_controller.egg-info/SOURCES.txt'
[1.125s] running build
[1.125s] running build_py
[1.125s] copying mybot_controller/turtle_catcher.py -> /home/krish/myBot/build/mybot_controller/build/lib/mybot_controller
[1.125s] running install
[1.127s] running install_lib
[1.128s] copying /home/krish/myBot/build/mybot_controller/build/lib/mybot_controller/turtle_catcher.py -> /home/krish/myBot/install/mybot_controller/lib/python3.8/site-packages/mybot_controller
[1.128s] byte-compiling /home/krish/myBot/install/mybot_controller/lib/python3.8/site-packages/mybot_controller/turtle_catcher.py to turtle_catcher.cpython-38.pyc
[1.131s] running install_data
[1.131s] running install_egg_info
[1.133s] removing '/home/krish/myBot/install/mybot_controller/lib/python3.8/site-packages/mybot_controller-0.0.0-py3.8.egg-info' (and everything under it)
[1.133s] Copying ../../build/mybot_controller/mybot_controller.egg-info to /home/krish/myBot/install/mybot_controller/lib/python3.8/site-packages/mybot_controller-0.0.0-py3.8.egg-info
[1.134s] running install_scripts
[1.156s] Installing catcher script to /home/krish/myBot/install/mybot_controller/lib/mybot_controller
[1.157s] Installing draw_circle script to /home/krish/myBot/install/mybot_controller/lib/mybot_controller
[1.157s] Installing hello_world script to /home/krish/myBot/install/mybot_controller/lib/mybot_controller
[1.157s] Installing pose_subscriber script to /home/krish/myBot/install/mybot_controller/lib/mybot_controller
[1.157s] Installing turtle_boundary_avoidance script to /home/krish/myBot/install/mybot_controller/lib/mybot_controller
[1.157s] writing list of installed files to '/home/krish/myBot/build/mybot_controller/install.log'
[1.194s] Invoked command in '/home/krish/myBot/src/mybot_controller' returned '0': PYTHONPATH=/home/krish/myBot/build/mybot_controller/prefix_override:/usr/lib/python3/dist-packages/colcon_core/task/python/colcon_distutils_commands:/home/krish/myBot/install/mybot_controller/lib/python3.8/site-packages:${PYTHONPATH} /usr/bin/python3 -W ignore:setup.py install is deprecated setup.py egg_info --egg-base ../../build/mybot_controller build --build-base /home/krish/myBot/build/mybot_controller/build install --record /home/krish/myBot/build/mybot_controller/install.log --install-scripts $base/lib/mybot_controller --single-version-externally-managed install_data
