[0.831s] Invoking command in '/home/krish/myBot/src/mybot_controller': PYTHONPATH=/home/krish/myBot/build/mybot_controller/prefix_override:/usr/lib/python3/dist-packages/colcon_core/task/python/colcon_distutils_commands:/home/krish/myBot/install/mybot_controller/lib/python3.8/site-packages:${PYTHONPATH} /usr/bin/python3 -W ignore:setup.py install is deprecated setup.py egg_info --egg-base ../../build/mybot_controller build --build-base /home/krish/myBot/build/mybot_controller/build install --record /home/krish/myBot/build/mybot_controller/install.log --install-scripts $base/lib/mybot_controller --single-version-externally-managed install_data
[1.083s] running egg_info
[1.084s] writing ../../build/mybot_controller/mybot_controller.egg-info/PKG-INFO
[1.084s] writing dependency_links to ../../build/mybot_controller/mybot_controller.egg-info/dependency_links.txt
[1.084s] writing entry points to ../../build/mybot_controller/mybot_controller.egg-info/entry_points.txt
[1.085s] writing requirements to ../../build/mybot_controller/mybot_controller.egg-info/requires.txt
[1.085s] writing top-level names to ../../build/mybot_controller/mybot_controller.egg-info/top_level.txt
[1.133s] reading manifest file '../../build/mybot_controller/mybot_controller.egg-info/SOURCES.txt'
[1.135s] writing manifest file '../../build/mybot_controller/mybot_controller.egg-info/SOURCES.txt'
[1.135s] running build
[1.136s] running build_py
[1.136s] copying mybot_controller/draw_circle.py -> /home/krish/myBot/build/mybot_controller/build/lib/mybot_controller
[1.136s] copying mybot_controller/hello_world.py -> /home/krish/myBot/build/mybot_controller/build/lib/mybot_controller
[1.136s] running install
[1.137s] running install_lib
[1.138s] copying /home/krish/myBot/build/mybot_controller/build/lib/mybot_controller/draw_circle.py -> /home/krish/myBot/install/mybot_controller/lib/python3.8/site-packages/mybot_controller
[1.138s] copying /home/krish/myBot/build/mybot_controller/build/lib/mybot_controller/hello_world.py -> /home/krish/myBot/install/mybot_controller/lib/python3.8/site-packages/mybot_controller
[1.139s] byte-compiling /home/krish/myBot/install/mybot_controller/lib/python3.8/site-packages/mybot_controller/draw_circle.py to draw_circle.cpython-38.pyc
[1.141s] byte-compiling /home/krish/myBot/install/mybot_controller/lib/python3.8/site-packages/mybot_controller/hello_world.py to hello_world.cpython-38.pyc
[1.141s] running install_data
[1.141s] copying package.xml -> /home/krish/myBot/install/mybot_controller/share/mybot_controller
[1.141s] running install_egg_info
[1.143s] removing '/home/krish/myBot/install/mybot_controller/lib/python3.8/site-packages/mybot_controller-0.0.0-py3.8.egg-info' (and everything under it)
[1.143s] Copying ../../build/mybot_controller/mybot_controller.egg-info to /home/krish/myBot/install/mybot_controller/lib/python3.8/site-packages/mybot_controller-0.0.0-py3.8.egg-info
[1.145s] running install_scripts
[1.167s] Installing hello_world=mybot_controller.hello_world:maindraw_circle script to /home/krish/myBot/install/mybot_controller/lib/mybot_controller
[1.167s] writing list of installed files to '/home/krish/myBot/build/mybot_controller/install.log'
[1.208s] Invoked command in '/home/krish/myBot/src/mybot_controller' returned '0': PYTHONPATH=/home/krish/myBot/build/mybot_controller/prefix_override:/usr/lib/python3/dist-packages/colcon_core/task/python/colcon_distutils_commands:/home/krish/myBot/install/mybot_controller/lib/python3.8/site-packages:${PYTHONPATH} /usr/bin/python3 -W ignore:setup.py install is deprecated setup.py egg_info --egg-base ../../build/mybot_controller build --build-base /home/krish/myBot/build/mybot_controller/build install --record /home/krish/myBot/build/mybot_controller/install.log --install-scripts $base/lib/mybot_controller --single-version-externally-managed install_data
