[0.034s] Invoking command in '/home/krish/myBot/build/mybot_bringup': CMAKE_PREFIX_PATH=/home/krish/myBot/install/mybot_controller:/opt/ros/foxy /usr/bin/cmake /home/krish/myBot/src/mybot_bringup -DCMAKE_INSTALL_PREFIX=/home/krish/myBot/install/mybot_bringup
[0.233s] -- The C compiler identification is GNU 9.4.0
[0.377s] -- The CXX compiler identification is GNU 9.4.0
[0.393s] -- Check for working C compiler: /usr/bin/cc
[0.496s] -- Check for working C compiler: /usr/bin/cc -- works
[0.498s] -- Detecting C compiler ABI info
[0.603s] -- Detecting C compiler ABI info - done
[0.618s] -- Detecting C compile features
[0.619s] -- Detecting C compile features - done
[0.625s] -- Check for working CXX compiler: /usr/bin/c++
[0.736s] -- Check for working CXX compiler: /usr/bin/c++ -- works
[0.737s] -- Detecting CXX compiler ABI info
[0.846s] -- Detecting CXX compiler ABI info - done
[0.862s] -- Detecting CXX compile features
[0.862s] -- Detecting CXX compile features - done
[0.867s] -- Found ament_cmake: 0.9.12 (/opt/ros/foxy/share/ament_cmake/cmake)
[0.917s] -- Found PythonInterp: /usr/bin/python3 (found suitable version "3.8.10", minimum required is "3") 
[0.917s] -- Using PYTHON_EXECUTABLE: /usr/bin/python3
[1.222s] -- Found ament_lint_auto: 0.9.8 (/opt/ros/foxy/share/ament_lint_auto/cmake)
[1.349s] -- Added test 'copyright' to check source files copyright and LICENSE
[1.353s] -- Added test 'lint_cmake' to check CMake code style
[1.355s] -- Added test 'xmllint' to check XML markup files
[1.359s] -- Configuring done
[1.362s] -- Generating done
[1.363s] -- Build files have been written to: /home/krish/myBot/build/mybot_bringup
[1.369s] Invoked command in '/home/krish/myBot/build/mybot_bringup' returned '0': CMAKE_PREFIX_PATH=/home/krish/myBot/install/mybot_controller:/opt/ros/foxy /usr/bin/cmake /home/krish/myBot/src/mybot_bringup -DCMAKE_INSTALL_PREFIX=/home/krish/myBot/install/mybot_bringup
[1.374s] Invoking command in '/home/krish/myBot/build/mybot_bringup': CMAKE_PREFIX_PATH=/home/krish/myBot/install/mybot_controller:/opt/ros/foxy /usr/bin/cmake --build /home/krish/myBot/build/mybot_bringup -- -j4 -l4
[1.428s] Invoked command in '/home/krish/myBot/build/mybot_bringup' returned '0': CMAKE_PREFIX_PATH=/home/krish/myBot/install/mybot_controller:/opt/ros/foxy /usr/bin/cmake --build /home/krish/myBot/build/mybot_bringup -- -j4 -l4
[1.481s] Invoking command in '/home/krish/myBot/build/mybot_bringup': CMAKE_PREFIX_PATH=/home/krish/myBot/install/mybot_controller:/opt/ros/foxy /usr/bin/cmake --install /home/krish/myBot/build/mybot_bringup
[1.491s] -- Install configuration: ""
[1.492s] -- Installing: /home/krish/myBot/install/mybot_bringup/share/ament_index/resource_index/package_run_dependencies/mybot_bringup
[1.492s] -- Installing: /home/krish/myBot/install/mybot_bringup/share/ament_index/resource_index/parent_prefix_path/mybot_bringup
[1.492s] -- Installing: /home/krish/myBot/install/mybot_bringup/share/mybot_bringup/environment/ament_prefix_path.sh
[1.493s] -- Installing: /home/krish/myBot/install/mybot_bringup/share/mybot_bringup/environment/ament_prefix_path.dsv
[1.493s] -- Installing: /home/krish/myBot/install/mybot_bringup/share/mybot_bringup/environment/path.sh
[1.493s] -- Installing: /home/krish/myBot/install/mybot_bringup/share/mybot_bringup/environment/path.dsv
[1.493s] -- Installing: /home/krish/myBot/install/mybot_bringup/share/mybot_bringup/local_setup.bash
[1.493s] -- Installing: /home/krish/myBot/install/mybot_bringup/share/mybot_bringup/local_setup.sh
[1.493s] -- Installing: /home/krish/myBot/install/mybot_bringup/share/mybot_bringup/local_setup.zsh
[1.494s] -- Installing: /home/krish/myBot/install/mybot_bringup/share/mybot_bringup/local_setup.dsv
[1.494s] -- Installing: /home/krish/myBot/install/mybot_bringup/share/mybot_bringup/package.dsv
[1.494s] -- Installing: /home/krish/myBot/install/mybot_bringup/share/ament_index/resource_index/packages/mybot_bringup
[1.494s] -- Installing: /home/krish/myBot/install/mybot_bringup/share/mybot_bringup/cmake/mybot_bringupConfig.cmake
[1.494s] -- Installing: /home/krish/myBot/install/mybot_bringup/share/mybot_bringup/cmake/mybot_bringupConfig-version.cmake
[1.494s] -- Installing: /home/krish/myBot/install/mybot_bringup/share/mybot_bringup/package.xml
[1.499s] Invoked command in '/home/krish/myBot/build/mybot_bringup' returned '0': CMAKE_PREFIX_PATH=/home/krish/myBot/install/mybot_controller:/opt/ros/foxy /usr/bin/cmake --install /home/krish/myBot/build/mybot_bringup
