[0.515s] DEBUG:colcon:Command line arguments: ['/usr/bin/colcon', 'list', '-p', '--base-paths', '/home/krish/myBot']
[0.515s] DEBUG:colcon:Parsed command line arguments: Namespace(allow_overriding=[], base_paths=['/home/krish/myBot'], build_base='build', ignore_user_meta=False, log_base=None, log_level=None, main=<bound method ListVerb.main of <colcon_package_information.verb.list.ListVerb object at 0x7fdd5dc53490>>, metas=['./colcon.meta'], names_only=False, packages_above=None, packages_above_and_dependencies=None, packages_above_depth=None, packages_end=None, packages_ignore=None, packages_ignore_regex=None, packages_select=None, packages_select_build_failed=False, packages_select_by_dep=None, packages_select_regex=None, packages_select_test_failures=False, packages_skip=None, packages_skip_build_finished=False, packages_skip_by_dep=None, packages_skip_regex=None, packages_skip_test_passed=False, packages_skip_up_to=None, packages_start=None, packages_up_to=None, packages_up_to_regex=None, paths=None, paths_only=True, topological_graph=False, topological_graph_density=False, topological_graph_dot=False, topological_graph_dot_cluster=False, topological_graph_dot_include_skipped=False, topological_graph_legend=False, topological_order=False, verb_extension=<colcon_package_information.verb.list.ListVerb object at 0x7fdd5dc53490>, verb_name='list', verb_parser=<colcon_defaults.argument_parser.defaults.DefaultArgumentsDecorator object at 0x7fdd5dc5d310>)
[0.867s] Level 1:colcon.colcon_core.package_discovery:discover_packages(colcon_meta) check parameters
[0.868s] Level 1:colcon.colcon_core.package_discovery:discover_packages(recursive) check parameters
[0.868s] Level 1:colcon.colcon_core.package_discovery:discover_packages(ignore) check parameters
[0.868s] Level 1:colcon.colcon_core.package_discovery:discover_packages(path) check parameters
[0.868s] Level 1:colcon.colcon_core.package_discovery:discover_packages(recursive) discover
[0.868s] INFO:colcon.colcon_core.package_discovery:Crawling recursively for packages in '/home/krish/myBot'
[0.868s] Level 1:colcon.colcon_core.package_identification:_identify(/home/krish/myBot) by extensions ['ignore', 'ignore_ament_install']
[0.868s] Level 1:colcon.colcon_core.package_identification:_identify(/home/krish/myBot) by extension 'ignore'
[0.869s] Level 1:colcon.colcon_core.package_identification:_identify(/home/krish/myBot) by extension 'ignore_ament_install'
[0.869s] Level 1:colcon.colcon_core.package_identification:_identify(/home/krish/myBot) by extensions ['colcon_pkg']
[0.869s] Level 1:colcon.colcon_core.package_identification:_identify(/home/krish/myBot) by extension 'colcon_pkg'
[0.869s] Level 1:colcon.colcon_core.package_identification:_identify(/home/krish/myBot) by extensions ['colcon_meta']
[0.869s] Level 1:colcon.colcon_core.package_identification:_identify(/home/krish/myBot) by extension 'colcon_meta'
[0.869s] Level 1:colcon.colcon_core.package_identification:_identify(/home/krish/myBot) by extensions ['ros']
[0.869s] Level 1:colcon.colcon_core.package_identification:_identify(/home/krish/myBot) by extension 'ros'
[0.914s] Level 1:colcon.colcon_core.package_identification:_identify(/home/krish/myBot) by extensions ['cmake', 'python']
[0.914s] Level 1:colcon.colcon_core.package_identification:_identify(/home/krish/myBot) by extension 'cmake'
[0.914s] Level 1:colcon.colcon_core.package_identification:_identify(/home/krish/myBot) by extension 'python'
[0.914s] Level 1:colcon.colcon_core.package_identification:_identify(/home/krish/myBot) by extensions ['python_setup_py']
[0.914s] Level 1:colcon.colcon_core.package_identification:_identify(/home/krish/myBot) by extension 'python_setup_py'
[0.914s] Level 1:colcon.colcon_core.package_identification:_identify(/home/krish/myBot/build) by extensions ['ignore', 'ignore_ament_install']
[0.914s] Level 1:colcon.colcon_core.package_identification:_identify(/home/krish/myBot/build) by extension 'ignore'
[0.915s] Level 1:colcon.colcon_core.package_identification:_identify(/home/krish/myBot/build) ignored
[0.915s] Level 1:colcon.colcon_core.package_identification:_identify(/home/krish/myBot/install) by extensions ['ignore', 'ignore_ament_install']
[0.915s] Level 1:colcon.colcon_core.package_identification:_identify(/home/krish/myBot/install) by extension 'ignore'
[0.915s] Level 1:colcon.colcon_core.package_identification:_identify(/home/krish/myBot/install) ignored
[0.915s] Level 1:colcon.colcon_core.package_identification:_identify(/home/krish/myBot/log) by extensions ['ignore', 'ignore_ament_install']
[0.915s] Level 1:colcon.colcon_core.package_identification:_identify(/home/krish/myBot/log) by extension 'ignore'
[0.915s] Level 1:colcon.colcon_core.package_identification:_identify(/home/krish/myBot/log) ignored
[0.915s] Level 1:colcon.colcon_core.package_identification:_identify(/home/krish/myBot/src) by extensions ['ignore', 'ignore_ament_install']
[0.916s] Level 1:colcon.colcon_core.package_identification:_identify(/home/krish/myBot/src) by extension 'ignore'
[0.916s] Level 1:colcon.colcon_core.package_identification:_identify(/home/krish/myBot/src) by extension 'ignore_ament_install'
[0.916s] Level 1:colcon.colcon_core.package_identification:_identify(/home/krish/myBot/src) by extensions ['colcon_pkg']
[0.916s] Level 1:colcon.colcon_core.package_identification:_identify(/home/krish/myBot/src) by extension 'colcon_pkg'
[0.916s] Level 1:colcon.colcon_core.package_identification:_identify(/home/krish/myBot/src) by extensions ['colcon_meta']
[0.916s] Level 1:colcon.colcon_core.package_identification:_identify(/home/krish/myBot/src) by extension 'colcon_meta'
[0.916s] Level 1:colcon.colcon_core.package_identification:_identify(/home/krish/myBot/src) by extensions ['ros']
[0.916s] Level 1:colcon.colcon_core.package_identification:_identify(/home/krish/myBot/src) by extension 'ros'
[0.916s] Level 1:colcon.colcon_core.package_identification:_identify(/home/krish/myBot/src) by extensions ['cmake', 'python']
[0.916s] Level 1:colcon.colcon_core.package_identification:_identify(/home/krish/myBot/src) by extension 'cmake'
[0.916s] Level 1:colcon.colcon_core.package_identification:_identify(/home/krish/myBot/src) by extension 'python'
[0.916s] Level 1:colcon.colcon_core.package_identification:_identify(/home/krish/myBot/src) by extensions ['python_setup_py']
[0.916s] Level 1:colcon.colcon_core.package_identification:_identify(/home/krish/myBot/src) by extension 'python_setup_py'
[0.916s] Level 1:colcon.colcon_core.package_identification:_identify(/home/krish/myBot/src/mybot_controller) by extensions ['ignore', 'ignore_ament_install']
[0.916s] Level 1:colcon.colcon_core.package_identification:_identify(/home/krish/myBot/src/mybot_controller) by extension 'ignore'
[0.916s] Level 1:colcon.colcon_core.package_identification:_identify(/home/krish/myBot/src/mybot_controller) by extension 'ignore_ament_install'
[0.917s] Level 1:colcon.colcon_core.package_identification:_identify(/home/krish/myBot/src/mybot_controller) by extensions ['colcon_pkg']
[0.917s] Level 1:colcon.colcon_core.package_identification:_identify(/home/krish/myBot/src/mybot_controller) by extension 'colcon_pkg'
[0.917s] Level 1:colcon.colcon_core.package_identification:_identify(/home/krish/myBot/src/mybot_controller) by extensions ['colcon_meta']
[0.917s] Level 1:colcon.colcon_core.package_identification:_identify(/home/krish/myBot/src/mybot_controller) by extension 'colcon_meta'
[0.917s] Level 1:colcon.colcon_core.package_identification:_identify(/home/krish/myBot/src/mybot_controller) by extensions ['ros']
[0.917s] Level 1:colcon.colcon_core.package_identification:_identify(/home/krish/myBot/src/mybot_controller) by extension 'ros'
[0.920s] DEBUG:colcon.colcon_core.package_identification:Package '/home/krish/myBot/src/mybot_controller' with type 'ros.ament_python' and name 'mybot_controller'
[0.920s] Level 1:colcon.colcon_core.package_discovery:discover_packages(recursive) using defaults
