[0.248s] DEBUG:colcon:Command line arguments: ['/usr/bin/colcon', 'build']
[0.248s] DEBUG:colcon:Parsed command line arguments: Namespace(allow_overriding=[], ament_cmake_args=None, base_paths=['.'], build_base='build', catkin_cmake_args=None, catkin_skip_building_tests=False, cmake_args=None, cmake_clean_cache=False, cmake_clean_first=False, cmake_force_configure=False, cmake_target=None, cmake_target_skip_unavailable=False, continue_on_error=False, event_handlers=None, executor='parallel', ignore_user_meta=False, install_base='install', log_base=None, log_level=None, main=<bound method BuildVerb.main of <colcon_core.verb.build.BuildVerb object at 0x7fa0edf7b910>>, merge_install=False, metas=['./colcon.meta'], packages_above=None, packages_above_and_dependencies=None, packages_above_depth=None, packages_end=None, packages_ignore=None, packages_ignore_regex=None, packages_select=None, packages_select_build_failed=False, packages_select_by_dep=None, packages_select_regex=None, packages_select_test_failures=False, packages_skip=None, packages_skip_build_finished=False, packages_skip_by_dep=None, packages_skip_regex=None, packages_skip_test_passed=False, packages_skip_up_to=None, packages_start=None, packages_up_to=None, packages_up_to_regex=None, parallel_workers=4, paths=None, symlink_install=False, test_result_base=None, verb_extension=<colcon_core.verb.build.BuildVerb object at 0x7fa0edf7b910>, verb_name='build', verb_parser=<colcon_defaults.argument_parser.defaults.DefaultArgumentsDecorator object at 0x7fa0ede1b2b0>)
[0.420s] Level 1:colcon.colcon_core.package_discovery:discover_packages(colcon_meta) check parameters
[0.420s] Level 1:colcon.colcon_core.package_discovery:discover_packages(recursive) check parameters
[0.420s] Level 1:colcon.colcon_core.package_discovery:discover_packages(ignore) check parameters
[0.420s] Level 1:colcon.colcon_core.package_discovery:discover_packages(path) check parameters
[0.420s] Level 1:colcon.colcon_core.package_discovery:discover_packages(colcon_meta) discover
[0.420s] Level 1:colcon.colcon_core.package_discovery:discover_packages(recursive) discover
[0.420s] INFO:colcon.colcon_core.package_discovery:Crawling recursively for packages in '/home/krish/myBot'
[0.420s] Level 1:colcon.colcon_core.package_identification:_identify(.) by extensions ['ignore', 'ignore_ament_install']
[0.421s] Level 1:colcon.colcon_core.package_identification:_identify(.) by extension 'ignore'
[0.421s] Level 1:colcon.colcon_core.package_identification:_identify(.) by extension 'ignore_ament_install'
[0.421s] Level 1:colcon.colcon_core.package_identification:_identify(.) by extensions ['colcon_pkg']
[0.421s] Level 1:colcon.colcon_core.package_identification:_identify(.) by extension 'colcon_pkg'
[0.421s] Level 1:colcon.colcon_core.package_identification:_identify(.) by extensions ['colcon_meta']
[0.421s] Level 1:colcon.colcon_core.package_identification:_identify(.) by extension 'colcon_meta'
[0.421s] Level 1:colcon.colcon_core.package_identification:_identify(.) by extensions ['ros']
[0.421s] Level 1:colcon.colcon_core.package_identification:_identify(.) by extension 'ros'
[0.437s] Level 1:colcon.colcon_core.package_identification:_identify(.) by extensions ['cmake', 'python']
[0.437s] Level 1:colcon.colcon_core.package_identification:_identify(.) by extension 'cmake'
[0.437s] Level 1:colcon.colcon_core.package_identification:_identify(.) by extension 'python'
[0.437s] Level 1:colcon.colcon_core.package_identification:_identify(.) by extensions ['python_setup_py']
[0.437s] Level 1:colcon.colcon_core.package_identification:_identify(.) by extension 'python_setup_py'
[0.438s] Level 1:colcon.colcon_core.package_identification:_identify(build) by extensions ['ignore', 'ignore_ament_install']
[0.438s] Level 1:colcon.colcon_core.package_identification:_identify(build) by extension 'ignore'
[0.438s] Level 1:colcon.colcon_core.package_identification:_identify(build) ignored
[0.438s] Level 1:colcon.colcon_core.package_identification:_identify(install) by extensions ['ignore', 'ignore_ament_install']
[0.438s] Level 1:colcon.colcon_core.package_identification:_identify(install) by extension 'ignore'
[0.438s] Level 1:colcon.colcon_core.package_identification:_identify(install) ignored
[0.438s] Level 1:colcon.colcon_core.package_identification:_identify(log) by extensions ['ignore', 'ignore_ament_install']
[0.438s] Level 1:colcon.colcon_core.package_identification:_identify(log) by extension 'ignore'
[0.438s] Level 1:colcon.colcon_core.package_identification:_identify(log) ignored
[0.438s] Level 1:colcon.colcon_core.package_identification:_identify(src) by extensions ['ignore', 'ignore_ament_install']
[0.439s] Level 1:colcon.colcon_core.package_identification:_identify(src) by extension 'ignore'
[0.439s] Level 1:colcon.colcon_core.package_identification:_identify(src) by extension 'ignore_ament_install'
[0.439s] Level 1:colcon.colcon_core.package_identification:_identify(src) by extensions ['colcon_pkg']
[0.439s] Level 1:colcon.colcon_core.package_identification:_identify(src) by extension 'colcon_pkg'
[0.439s] Level 1:colcon.colcon_core.package_identification:_identify(src) by extensions ['colcon_meta']
[0.439s] Level 1:colcon.colcon_core.package_identification:_identify(src) by extension 'colcon_meta'
[0.439s] Level 1:colcon.colcon_core.package_identification:_identify(src) by extensions ['ros']
[0.439s] Level 1:colcon.colcon_core.package_identification:_identify(src) by extension 'ros'
[0.439s] Level 1:colcon.colcon_core.package_identification:_identify(src) by extensions ['cmake', 'python']
[0.439s] Level 1:colcon.colcon_core.package_identification:_identify(src) by extension 'cmake'
[0.439s] Level 1:colcon.colcon_core.package_identification:_identify(src) by extension 'python'
[0.439s] Level 1:colcon.colcon_core.package_identification:_identify(src) by extensions ['python_setup_py']
[0.439s] Level 1:colcon.colcon_core.package_identification:_identify(src) by extension 'python_setup_py'
[0.439s] Level 1:colcon.colcon_core.package_identification:_identify(src/mybot_bringup) by extensions ['ignore', 'ignore_ament_install']
[0.439s] Level 1:colcon.colcon_core.package_identification:_identify(src/mybot_bringup) by extension 'ignore'
[0.439s] Level 1:colcon.colcon_core.package_identification:_identify(src/mybot_bringup) by extension 'ignore_ament_install'
[0.439s] Level 1:colcon.colcon_core.package_identification:_identify(src/mybot_bringup) by extensions ['colcon_pkg']
[0.439s] Level 1:colcon.colcon_core.package_identification:_identify(src/mybot_bringup) by extension 'colcon_pkg'
[0.439s] Level 1:colcon.colcon_core.package_identification:_identify(src/mybot_bringup) by extensions ['colcon_meta']
[0.440s] Level 1:colcon.colcon_core.package_identification:_identify(src/mybot_bringup) by extension 'colcon_meta'
[0.440s] Level 1:colcon.colcon_core.package_identification:_identify(src/mybot_bringup) by extensions ['ros']
[0.440s] Level 1:colcon.colcon_core.package_identification:_identify(src/mybot_bringup) by extension 'ros'
[0.443s] DEBUG:colcon.colcon_core.package_identification:Package 'src/mybot_bringup' with type 'ros.ament_cmake' and name 'mybot_bringup'
[0.443s] Level 1:colcon.colcon_core.package_identification:_identify(src/mybot_controller) by extensions ['ignore', 'ignore_ament_install']
[0.443s] Level 1:colcon.colcon_core.package_identification:_identify(src/mybot_controller) by extension 'ignore'
[0.443s] Level 1:colcon.colcon_core.package_identification:_identify(src/mybot_controller) by extension 'ignore_ament_install'
[0.443s] Level 1:colcon.colcon_core.package_identification:_identify(src/mybot_controller) by extensions ['colcon_pkg']
[0.444s] Level 1:colcon.colcon_core.package_identification:_identify(src/mybot_controller) by extension 'colcon_pkg'
[0.444s] Level 1:colcon.colcon_core.package_identification:_identify(src/mybot_controller) by extensions ['colcon_meta']
[0.444s] Level 1:colcon.colcon_core.package_identification:_identify(src/mybot_controller) by extension 'colcon_meta'
[0.444s] Level 1:colcon.colcon_core.package_identification:_identify(src/mybot_controller) by extensions ['ros']
[0.444s] Level 1:colcon.colcon_core.package_identification:_identify(src/mybot_controller) by extension 'ros'
[0.445s] DEBUG:colcon.colcon_core.package_identification:Package 'src/mybot_controller' with type 'ros.ament_python' and name 'mybot_controller'
[0.445s] Level 1:colcon.colcon_core.package_discovery:discover_packages(recursive) using defaults
[0.445s] Level 1:colcon.colcon_core.package_discovery:discover_packages(ignore) discover
[0.445s] Level 1:colcon.colcon_core.package_discovery:discover_packages(ignore) using defaults
[0.445s] Level 1:colcon.colcon_core.package_discovery:discover_packages(path) discover
[0.445s] Level 1:colcon.colcon_core.package_discovery:discover_packages(path) using defaults
[0.467s] Level 1:colcon.colcon_core.package_discovery:discover_packages(prefix_path) check parameters
[0.468s] Level 1:colcon.colcon_core.package_discovery:discover_packages(prefix_path) discover
[0.469s] DEBUG:colcon.colcon_installed_package_information.package_discovery:Found 2 installed packages in /home/krish/myBot/install
[0.471s] DEBUG:colcon.colcon_installed_package_information.package_discovery:Found 256 installed packages in /opt/ros/foxy
[0.473s] Level 1:colcon.colcon_core.package_discovery:discover_packages(prefix_path) using defaults
[0.554s] Level 5:colcon.colcon_core.verb:set package 'mybot_bringup' build argument 'cmake_args' from command line to 'None'
[0.554s] Level 5:colcon.colcon_core.verb:set package 'mybot_bringup' build argument 'cmake_target' from command line to 'None'
[0.554s] Level 5:colcon.colcon_core.verb:set package 'mybot_bringup' build argument 'cmake_target_skip_unavailable' from command line to 'False'
[0.554s] Level 5:colcon.colcon_core.verb:set package 'mybot_bringup' build argument 'cmake_clean_cache' from command line to 'False'
[0.554s] Level 5:colcon.colcon_core.verb:set package 'mybot_bringup' build argument 'cmake_clean_first' from command line to 'False'
[0.554s] Level 5:colcon.colcon_core.verb:set package 'mybot_bringup' build argument 'cmake_force_configure' from command line to 'False'
[0.554s] Level 5:colcon.colcon_core.verb:set package 'mybot_bringup' build argument 'ament_cmake_args' from command line to 'None'
[0.554s] Level 5:colcon.colcon_core.verb:set package 'mybot_bringup' build argument 'catkin_cmake_args' from command line to 'None'
[0.554s] Level 5:colcon.colcon_core.verb:set package 'mybot_bringup' build argument 'catkin_skip_building_tests' from command line to 'False'
[0.555s] DEBUG:colcon.colcon_core.verb:Building package 'mybot_bringup' with the following arguments: {'ament_cmake_args': None, 'build_base': '/home/krish/myBot/build/mybot_bringup', 'catkin_cmake_args': None, 'catkin_skip_building_tests': False, 'cmake_args': None, 'cmake_clean_cache': False, 'cmake_clean_first': False, 'cmake_force_configure': False, 'cmake_target': None, 'cmake_target_skip_unavailable': False, 'install_base': '/home/krish/myBot/install/mybot_bringup', 'merge_install': False, 'path': '/home/krish/myBot/src/mybot_bringup', 'symlink_install': False, 'test_result_base': None}
[0.555s] Level 5:colcon.colcon_core.verb:set package 'mybot_controller' build argument 'cmake_args' from command line to 'None'
[0.555s] Level 5:colcon.colcon_core.verb:set package 'mybot_controller' build argument 'cmake_target' from command line to 'None'
[0.555s] Level 5:colcon.colcon_core.verb:set package 'mybot_controller' build argument 'cmake_target_skip_unavailable' from command line to 'False'
[0.555s] Level 5:colcon.colcon_core.verb:set package 'mybot_controller' build argument 'cmake_clean_cache' from command line to 'False'
[0.555s] Level 5:colcon.colcon_core.verb:set package 'mybot_controller' build argument 'cmake_clean_first' from command line to 'False'
[0.555s] Level 5:colcon.colcon_core.verb:set package 'mybot_controller' build argument 'cmake_force_configure' from command line to 'False'
[0.555s] Level 5:colcon.colcon_core.verb:set package 'mybot_controller' build argument 'ament_cmake_args' from command line to 'None'
[0.555s] Level 5:colcon.colcon_core.verb:set package 'mybot_controller' build argument 'catkin_cmake_args' from command line to 'None'
[0.555s] Level 5:colcon.colcon_core.verb:set package 'mybot_controller' build argument 'catkin_skip_building_tests' from command line to 'False'
[0.555s] DEBUG:colcon.colcon_core.verb:Building package 'mybot_controller' with the following arguments: {'ament_cmake_args': None, 'build_base': '/home/krish/myBot/build/mybot_controller', 'catkin_cmake_args': None, 'catkin_skip_building_tests': False, 'cmake_args': None, 'cmake_clean_cache': False, 'cmake_clean_first': False, 'cmake_force_configure': False, 'cmake_target': None, 'cmake_target_skip_unavailable': False, 'install_base': '/home/krish/myBot/install/mybot_controller', 'merge_install': False, 'path': '/home/krish/myBot/src/mybot_controller', 'symlink_install': False, 'test_result_base': None}
[0.556s] INFO:colcon.colcon_core.executor:Executing jobs using 'parallel' executor
[0.557s] DEBUG:colcon.colcon_parallel_executor.executor.parallel:run_until_complete
[0.557s] INFO:colcon.colcon_ros.task.ament_cmake.build:Building ROS package in '/home/krish/myBot/src/mybot_bringup' with build type 'ament_cmake'
[0.557s] INFO:colcon.colcon_cmake.task.cmake.build:Building CMake package in '/home/krish/myBot/src/mybot_bringup'
[0.560s] INFO:colcon.colcon_core.plugin_system:Skipping extension 'colcon_core.shell.bat': Not used on non-Windows systems
[0.560s] INFO:colcon.colcon_core.shell:Skip shell extension 'powershell' for command environment: Not usable outside of PowerShell
[0.560s] DEBUG:colcon.colcon_core.shell:Skip shell extension 'dsv' for command environment
[0.568s] INFO:colcon.colcon_ros.task.ament_python.build:Building ROS package in '/home/krish/myBot/src/mybot_controller' with build type 'ament_python'
[0.569s] Level 1:colcon.colcon_core.shell:create_environment_hook('mybot_controller', 'ament_prefix_path')
[0.570s] INFO:colcon.colcon_core.shell:Creating environment hook '/home/krish/myBot/install/mybot_controller/share/mybot_controller/hook/ament_prefix_path.ps1'
[0.572s] INFO:colcon.colcon_core.shell:Creating environment descriptor '/home/krish/myBot/install/mybot_controller/share/mybot_controller/hook/ament_prefix_path.dsv'
[0.572s] INFO:colcon.colcon_core.shell:Creating environment hook '/home/krish/myBot/install/mybot_controller/share/mybot_controller/hook/ament_prefix_path.sh'
[0.574s] INFO:colcon.colcon_core.shell:Skip shell extension 'powershell' for command environment: Not usable outside of PowerShell
[0.574s] DEBUG:colcon.colcon_core.shell:Skip shell extension 'dsv' for command environment
[0.592s] DEBUG:colcon.colcon_core.event_handler.log_command:Invoking command in '/home/krish/myBot/build/mybot_bringup': CMAKE_PREFIX_PATH=${CMAKE_PREFIX_PATH}:/home/krish/myBot/install/mybot_controller:/opt/ros/foxy /usr/bin/cmake --build /home/krish/myBot/build/mybot_bringup -- -j4 -l4
[0.885s] INFO:colcon.colcon_core.task.python.build:Building Python package in '/home/krish/myBot/src/mybot_controller'
[0.886s] INFO:colcon.colcon_core.shell:Skip shell extension 'powershell' for command environment: Not usable outside of PowerShell
[0.886s] DEBUG:colcon.colcon_core.shell:Skip shell extension 'dsv' for command environment
[0.900s] DEBUG:colcon.colcon_core.event_handler.log_command:Invoked command in '/home/krish/myBot/build/mybot_bringup' returned '0': CMAKE_PREFIX_PATH=${CMAKE_PREFIX_PATH}:/home/krish/myBot/install/mybot_controller:/opt/ros/foxy /usr/bin/cmake --build /home/krish/myBot/build/mybot_bringup -- -j4 -l4
[0.947s] DEBUG:colcon.colcon_core.event_handler.log_command:Invoking command in '/home/krish/myBot/build/mybot_bringup': CMAKE_PREFIX_PATH=${CMAKE_PREFIX_PATH}:/home/krish/myBot/install/mybot_controller:/opt/ros/foxy /usr/bin/cmake --install /home/krish/myBot/build/mybot_bringup
[0.961s] Level 1:colcon.colcon_core.environment:create_environment_scripts_only(mybot_bringup)
[0.962s] DEBUG:colcon.colcon_core.event_handler.log_command:Invoked command in '/home/krish/myBot/build/mybot_bringup' returned '0': CMAKE_PREFIX_PATH=${CMAKE_PREFIX_PATH}:/home/krish/myBot/install/mybot_controller:/opt/ros/foxy /usr/bin/cmake --install /home/krish/myBot/build/mybot_bringup
[0.964s] Level 1:colcon.colcon_core.environment:checking '/home/krish/myBot/install/mybot_bringup' for CMake module files
[0.965s] Level 1:colcon.colcon_core.environment:checking '/home/krish/myBot/install/mybot_bringup' for CMake config files
[0.965s] Level 1:colcon.colcon_core.shell:create_environment_hook('mybot_bringup', 'cmake_prefix_path')
[0.966s] INFO:colcon.colcon_core.shell:Creating environment hook '/home/krish/myBot/install/mybot_bringup/share/mybot_bringup/hook/cmake_prefix_path.ps1'
[0.967s] INFO:colcon.colcon_core.shell:Creating environment descriptor '/home/krish/myBot/install/mybot_bringup/share/mybot_bringup/hook/cmake_prefix_path.dsv'
[0.967s] INFO:colcon.colcon_core.shell:Creating environment hook '/home/krish/myBot/install/mybot_bringup/share/mybot_bringup/hook/cmake_prefix_path.sh'
[0.969s] Level 1:colcon.colcon_core.environment:checking '/home/krish/myBot/install/mybot_bringup/bin'
[0.969s] Level 1:colcon.colcon_core.environment:checking '/home/krish/myBot/install/mybot_bringup/lib/pkgconfig/mybot_bringup.pc'
[0.969s] Level 1:colcon.colcon_core.environment:checking '/home/krish/myBot/install/mybot_bringup/lib/python3.8/site-packages'
[0.969s] Level 1:colcon.colcon_core.environment:checking '/home/krish/myBot/install/mybot_bringup/bin'
[0.970s] INFO:colcon.colcon_core.shell:Creating package script '/home/krish/myBot/install/mybot_bringup/share/mybot_bringup/package.ps1'
[0.971s] INFO:colcon.colcon_core.shell:Creating package descriptor '/home/krish/myBot/install/mybot_bringup/share/mybot_bringup/package.dsv'
[0.972s] INFO:colcon.colcon_core.shell:Creating package script '/home/krish/myBot/install/mybot_bringup/share/mybot_bringup/package.sh'
[0.974s] INFO:colcon.colcon_core.shell:Creating package script '/home/krish/myBot/install/mybot_bringup/share/mybot_bringup/package.bash'
[0.996s] INFO:colcon.colcon_core.shell:Creating package script '/home/krish/myBot/install/mybot_bringup/share/mybot_bringup/package.zsh'
[0.997s] Level 1:colcon.colcon_core.environment:create_file_with_runtime_dependencies(/home/krish/myBot/install/mybot_bringup/share/colcon-core/packages/mybot_bringup)
[1.032s] Level 1:colcon.colcon_core.environment:create_environment_scripts_only(mybot_bringup)
[1.032s] Level 1:colcon.colcon_core.environment:checking '/home/krish/myBot/install/mybot_bringup' for CMake module files
[1.033s] Level 1:colcon.colcon_core.environment:checking '/home/krish/myBot/install/mybot_bringup' for CMake config files
[1.033s] Level 1:colcon.colcon_core.shell:create_environment_hook('mybot_bringup', 'cmake_prefix_path')
[1.034s] INFO:colcon.colcon_core.shell:Creating environment hook '/home/krish/myBot/install/mybot_bringup/share/mybot_bringup/hook/cmake_prefix_path.ps1'
[1.035s] INFO:colcon.colcon_core.shell:Creating environment descriptor '/home/krish/myBot/install/mybot_bringup/share/mybot_bringup/hook/cmake_prefix_path.dsv'
[1.035s] INFO:colcon.colcon_core.shell:Creating environment hook '/home/krish/myBot/install/mybot_bringup/share/mybot_bringup/hook/cmake_prefix_path.sh'
[1.036s] Level 1:colcon.colcon_core.environment:checking '/home/krish/myBot/install/mybot_bringup/bin'
[1.036s] Level 1:colcon.colcon_core.environment:checking '/home/krish/myBot/install/mybot_bringup/lib/pkgconfig/mybot_bringup.pc'
[1.036s] Level 1:colcon.colcon_core.environment:checking '/home/krish/myBot/install/mybot_bringup/lib/python3.8/site-packages'
[1.037s] Level 1:colcon.colcon_core.environment:checking '/home/krish/myBot/install/mybot_bringup/bin'
[1.037s] INFO:colcon.colcon_core.shell:Creating package script '/home/krish/myBot/install/mybot_bringup/share/mybot_bringup/package.ps1'
[1.038s] INFO:colcon.colcon_core.shell:Creating package descriptor '/home/krish/myBot/install/mybot_bringup/share/mybot_bringup/package.dsv'
[1.039s] INFO:colcon.colcon_core.shell:Creating package script '/home/krish/myBot/install/mybot_bringup/share/mybot_bringup/package.sh'
[1.039s] INFO:colcon.colcon_core.shell:Creating package script '/home/krish/myBot/install/mybot_bringup/share/mybot_bringup/package.bash'
[1.040s] INFO:colcon.colcon_core.shell:Creating package script '/home/krish/myBot/install/mybot_bringup/share/mybot_bringup/package.zsh'
[1.040s] Level 1:colcon.colcon_core.environment:create_file_with_runtime_dependencies(/home/krish/myBot/install/mybot_bringup/share/colcon-core/packages/mybot_bringup)
[1.437s] DEBUG:colcon.colcon_core.event_handler.log_command:Invoking command in '/home/krish/myBot/src/mybot_controller': PYTHONPATH=/home/krish/myBot/build/mybot_controller/prefix_override:/usr/lib/python3/dist-packages/colcon_core/task/python/colcon_distutils_commands:/home/krish/myBot/install/mybot_controller/lib/python3.8/site-packages:${PYTHONPATH} /usr/bin/python3 -W ignore:setup.py install is deprecated setup.py egg_info --egg-base ../../build/mybot_controller build --build-base /home/krish/myBot/build/mybot_controller/build install --record /home/krish/myBot/build/mybot_controller/install.log --install-scripts $base/lib/mybot_controller --single-version-externally-managed install_data
[1.833s] Level 1:colcon.colcon_core.environment:checking '/home/krish/myBot/install/mybot_controller' for CMake module files
[1.835s] DEBUG:colcon.colcon_core.event_handler.log_command:Invoked command in '/home/krish/myBot/src/mybot_controller' returned '0': PYTHONPATH=/home/krish/myBot/build/mybot_controller/prefix_override:/usr/lib/python3/dist-packages/colcon_core/task/python/colcon_distutils_commands:/home/krish/myBot/install/mybot_controller/lib/python3.8/site-packages:${PYTHONPATH} /usr/bin/python3 -W ignore:setup.py install is deprecated setup.py egg_info --egg-base ../../build/mybot_controller build --build-base /home/krish/myBot/build/mybot_controller/build install --record /home/krish/myBot/build/mybot_controller/install.log --install-scripts $base/lib/mybot_controller --single-version-externally-managed install_data
[1.835s] Level 1:colcon.colcon_core.environment:checking '/home/krish/myBot/install/mybot_controller' for CMake config files
[1.836s] Level 1:colcon.colcon_core.environment:checking '/home/krish/myBot/install/mybot_controller/lib'
[1.837s] Level 1:colcon.colcon_core.environment:checking '/home/krish/myBot/install/mybot_controller/bin'
[1.837s] Level 1:colcon.colcon_core.environment:checking '/home/krish/myBot/install/mybot_controller/lib/pkgconfig/mybot_controller.pc'
[1.837s] Level 1:colcon.colcon_core.environment:checking '/home/krish/myBot/install/mybot_controller/lib/python3.8/site-packages'
[1.837s] Level 1:colcon.colcon_core.shell:create_environment_hook('mybot_controller', 'pythonpath')
[1.837s] INFO:colcon.colcon_core.shell:Creating environment hook '/home/krish/myBot/install/mybot_controller/share/mybot_controller/hook/pythonpath.ps1'
[1.838s] INFO:colcon.colcon_core.shell:Creating environment descriptor '/home/krish/myBot/install/mybot_controller/share/mybot_controller/hook/pythonpath.dsv'
[1.839s] INFO:colcon.colcon_core.shell:Creating environment hook '/home/krish/myBot/install/mybot_controller/share/mybot_controller/hook/pythonpath.sh'
[1.840s] Level 1:colcon.colcon_core.environment:checking '/home/krish/myBot/install/mybot_controller/bin'
[1.840s] Level 1:colcon.colcon_core.environment:create_environment_scripts_only(mybot_controller)
[1.840s] INFO:colcon.colcon_core.shell:Creating package script '/home/krish/myBot/install/mybot_controller/share/mybot_controller/package.ps1'
[1.841s] INFO:colcon.colcon_core.shell:Creating package descriptor '/home/krish/myBot/install/mybot_controller/share/mybot_controller/package.dsv'
[1.842s] INFO:colcon.colcon_core.shell:Creating package script '/home/krish/myBot/install/mybot_controller/share/mybot_controller/package.sh'
[1.843s] INFO:colcon.colcon_core.shell:Creating package script '/home/krish/myBot/install/mybot_controller/share/mybot_controller/package.bash'
[1.843s] INFO:colcon.colcon_core.shell:Creating package script '/home/krish/myBot/install/mybot_controller/share/mybot_controller/package.zsh'
[1.844s] Level 1:colcon.colcon_core.environment:create_file_with_runtime_dependencies(/home/krish/myBot/install/mybot_controller/share/colcon-core/packages/mybot_controller)
[1.845s] DEBUG:colcon.colcon_parallel_executor.executor.parallel:closing loop
[1.845s] DEBUG:colcon.colcon_parallel_executor.executor.parallel:loop closed
[1.845s] DEBUG:colcon.colcon_parallel_executor.executor.parallel:run_until_complete finished with '0'
[1.845s] DEBUG:colcon.colcon_core.event_reactor:joining thread
[1.853s] INFO:colcon.colcon_core.plugin_system:Skipping extension 'colcon_notification.desktop_notification.terminal_notifier': Not used on non-Darwin systems
[1.853s] INFO:colcon.colcon_core.plugin_system:Skipping extension 'colcon_notification.desktop_notification.win32': Not used on non-Windows systems
[1.853s] INFO:colcon.colcon_notification.desktop_notification:Sending desktop notification using 'notify2'
[1.876s] DEBUG:colcon.colcon_core.event_reactor:joined thread
[1.876s] INFO:colcon.colcon_core.shell:Creating prefix script '/home/krish/myBot/install/local_setup.ps1'
[1.878s] INFO:colcon.colcon_core.shell:Creating prefix util module '/home/krish/myBot/install/_local_setup_util_ps1.py'
[1.880s] INFO:colcon.colcon_core.shell:Creating prefix chain script '/home/krish/myBot/install/setup.ps1'
[1.881s] INFO:colcon.colcon_core.shell:Creating prefix script '/home/krish/myBot/install/local_setup.sh'
[1.882s] INFO:colcon.colcon_core.shell:Creating prefix util module '/home/krish/myBot/install/_local_setup_util_sh.py'
[1.883s] INFO:colcon.colcon_core.shell:Creating prefix chain script '/home/krish/myBot/install/setup.sh'
[1.885s] INFO:colcon.colcon_core.shell:Creating prefix script '/home/krish/myBot/install/local_setup.bash'
[1.885s] INFO:colcon.colcon_core.shell:Creating prefix chain script '/home/krish/myBot/install/setup.bash'
[1.887s] INFO:colcon.colcon_core.shell:Creating prefix script '/home/krish/myBot/install/local_setup.zsh'
[1.887s] INFO:colcon.colcon_core.shell:Creating prefix chain script '/home/krish/myBot/install/setup.zsh'
