[0.824s] Invoking command in '/home/krish/myBot/src/mybot_controller': PYTHONPATH=/home/krish/myBot/build/mybot_controller/prefix_override:/usr/lib/python3/dist-packages/colcon_core/task/python/colcon_distutils_commands:/home/krish/myBot/install/mybot_controller/lib/python3.8/site-packages:${PYTHONPATH} /usr/bin/python3 -W ignore:setup.py install is deprecated setup.py egg_info --egg-base ../../build/mybot_controller build --build-base /home/krish/myBot/build/mybot_controller/build install --record /home/krish/myBot/build/mybot_controller/install.log --install-scripts $base/lib/mybot_controller --single-version-externally-managed install_data
[1.077s] running egg_info
[1.077s] writing ../../build/mybot_controller/mybot_controller.egg-info/PKG-INFO
[1.078s] writing dependency_links to ../../build/mybot_controller/mybot_controller.egg-info/dependency_links.txt
[1.078s] writing entry points to ../../build/mybot_controller/mybot_controller.egg-info/entry_points.txt
[1.079s] writing requirements to ../../build/mybot_controller/mybot_controller.egg-info/requires.txt
[1.079s] writing top-level names to ../../build/mybot_controller/mybot_controller.egg-info/top_level.txt
[1.141s] reading manifest file '../../build/mybot_controller/mybot_controller.egg-info/SOURCES.txt'
[1.142s] writing manifest file '../../build/mybot_controller/mybot_controller.egg-info/SOURCES.txt'
[1.142s] running build
[1.142s] running build_py
[1.143s] copying mybot_controller/pose_subscriber.py -> /home/krish/myBot/build/mybot_controller/build/lib/mybot_controller
[1.143s] running install
[1.144s] running install_lib
[1.145s] copying /home/krish/myBot/build/mybot_controller/build/lib/mybot_controller/pose_subscriber.py -> /home/krish/myBot/install/mybot_controller/lib/python3.8/site-packages/mybot_controller
[1.146s] byte-compiling /home/krish/myBot/install/mybot_controller/lib/python3.8/site-packages/mybot_controller/pose_subscriber.py to pose_subscriber.cpython-38.pyc
[1.148s] running install_data
[1.148s] running install_egg_info
[1.149s] removing '/home/krish/myBot/install/mybot_controller/lib/python3.8/site-packages/mybot_controller-0.0.0-py3.8.egg-info' (and everything under it)
[1.150s] Copying ../../build/mybot_controller/mybot_controller.egg-info to /home/krish/myBot/install/mybot_controller/lib/python3.8/site-packages/mybot_controller-0.0.0-py3.8.egg-info
[1.151s] running install_scripts
[1.180s] Installing draw_circle script to /home/krish/myBot/install/mybot_controller/lib/mybot_controller
[1.180s] Installing hello_world script to /home/krish/myBot/install/mybot_controller/lib/mybot_controller
[1.181s] Installing pose_subscriber script to /home/krish/myBot/install/mybot_controller/lib/mybot_controller
[1.181s] writing list of installed files to '/home/krish/myBot/build/mybot_controller/install.log'
[1.229s] Invoked command in '/home/krish/myBot/src/mybot_controller' returned '0': PYTHONPATH=/home/krish/myBot/build/mybot_controller/prefix_override:/usr/lib/python3/dist-packages/colcon_core/task/python/colcon_distutils_commands:/home/krish/myBot/install/mybot_controller/lib/python3.8/site-packages:${PYTHONPATH} /usr/bin/python3 -W ignore:setup.py install is deprecated setup.py egg_info --egg-base ../../build/mybot_controller build --build-base /home/krish/myBot/build/mybot_controller/build install --record /home/krish/myBot/build/mybot_controller/install.log --install-scripts $base/lib/mybot_controller --single-version-externally-managed install_data
