[0.792s] Invoking command in '/home/krish/myBot/src/mybot_controller': PYTHONPATH=/home/krish/myBot/build/mybot_controller/prefix_override:/usr/lib/python3/dist-packages/colcon_core/task/python/colcon_distutils_commands:/home/krish/myBot/install/mybot_controller/lib/python3.8/site-packages:${PYTHONPATH} /usr/bin/python3 -W ignore:setup.py install is deprecated setup.py egg_info --egg-base ../../build/mybot_controller build --build-base /home/krish/myBot/build/mybot_controller/build install --record /home/krish/myBot/build/mybot_controller/install.log --install-scripts $base/lib/mybot_controller --single-version-externally-managed install_data
[1.054s] running egg_info
[1.054s] creating ../../build/mybot_controller/mybot_controller.egg-info
[1.054s] writing ../../build/mybot_controller/mybot_controller.egg-info/PKG-INFO
[1.054s] writing dependency_links to ../../build/mybot_controller/mybot_controller.egg-info/dependency_links.txt
[1.054s] writing entry points to ../../build/mybot_controller/mybot_controller.egg-info/entry_points.txt
[1.054s] writing requirements to ../../build/mybot_controller/mybot_controller.egg-info/requires.txt
[1.055s] writing top-level names to ../../build/mybot_controller/mybot_controller.egg-info/top_level.txt
[1.056s] writing manifest file '../../build/mybot_controller/mybot_controller.egg-info/SOURCES.txt'
[1.104s] reading manifest file '../../build/mybot_controller/mybot_controller.egg-info/SOURCES.txt'
[1.105s] writing manifest file '../../build/mybot_controller/mybot_controller.egg-info/SOURCES.txt'
[1.106s] running build
[1.106s] running build_py
[1.106s] creating /home/krish/myBot/build/mybot_controller/build
[1.106s] creating /home/krish/myBot/build/mybot_controller/build/lib
[1.106s] creating /home/krish/myBot/build/mybot_controller/build/lib/mybot_controller
[1.106s] copying mybot_controller/__init__.py -> /home/krish/myBot/build/mybot_controller/build/lib/mybot_controller
[1.106s] copying mybot_controller/hello_world.py -> /home/krish/myBot/build/mybot_controller/build/lib/mybot_controller
[1.106s] running install
[1.107s] running install_lib
[1.108s] creating /home/krish/myBot/install/mybot_controller/lib/python3.8/site-packages/mybot_controller
[1.108s] copying /home/krish/myBot/build/mybot_controller/build/lib/mybot_controller/__init__.py -> /home/krish/myBot/install/mybot_controller/lib/python3.8/site-packages/mybot_controller
[1.108s] copying /home/krish/myBot/build/mybot_controller/build/lib/mybot_controller/hello_world.py -> /home/krish/myBot/install/mybot_controller/lib/python3.8/site-packages/mybot_controller
[1.109s] byte-compiling /home/krish/myBot/install/mybot_controller/lib/python3.8/site-packages/mybot_controller/__init__.py to __init__.cpython-38.pyc
[1.110s] byte-compiling /home/krish/myBot/install/mybot_controller/lib/python3.8/site-packages/mybot_controller/hello_world.py to hello_world.cpython-38.pyc
[1.111s] running install_data
[1.111s] creating /home/krish/myBot/install/mybot_controller/share/ament_index
[1.111s] creating /home/krish/myBot/install/mybot_controller/share/ament_index/resource_index
[1.112s] creating /home/krish/myBot/install/mybot_controller/share/ament_index/resource_index/packages
[1.112s] copying resource/mybot_controller -> /home/krish/myBot/install/mybot_controller/share/ament_index/resource_index/packages
[1.112s] copying package.xml -> /home/krish/myBot/install/mybot_controller/share/mybot_controller
[1.112s] running install_egg_info
[1.113s] Copying ../../build/mybot_controller/mybot_controller.egg-info to /home/krish/myBot/install/mybot_controller/lib/python3.8/site-packages/mybot_controller-0.0.0-py3.8.egg-info
[1.114s] running install_scripts
[1.136s] writing list of installed files to '/home/krish/myBot/build/mybot_controller/install.log'
[1.175s] Invoked command in '/home/krish/myBot/src/mybot_controller' returned '0': PYTHONPATH=/home/krish/myBot/build/mybot_controller/prefix_override:/usr/lib/python3/dist-packages/colcon_core/task/python/colcon_distutils_commands:/home/krish/myBot/install/mybot_controller/lib/python3.8/site-packages:${PYTHONPATH} /usr/bin/python3 -W ignore:setup.py install is deprecated setup.py egg_info --egg-base ../../build/mybot_controller build --build-base /home/krish/myBot/build/mybot_controller/build install --record /home/krish/myBot/build/mybot_controller/install.log --install-scripts $base/lib/mybot_controller --single-version-externally-managed install_data
