[0.874s] Invoking command in '/home/krish/myBot/build/mybot_controller': PYTHONPATH=/home/krish/myBot/build/mybot_controller/prefix_override:/usr/lib/python3/dist-packages/colcon_core/task/python/colcon_distutils_commands:/home/krish/myBot/install/mybot_controller/lib/python3.8/site-packages:${PYTHONPATH} /usr/bin/python3 -W ignore:setup.py install is deprecated setup.py develop --editable --build-directory /home/krish/myBot/build/mybot_controller/build --no-deps symlink_data --force
[1.152s] running develop
[1.294s] running egg_info
[1.295s] writing mybot_controller.egg-info/PKG-INFO
[1.295s] writing dependency_links to mybot_controller.egg-info/dependency_links.txt
[1.296s] writing entry points to mybot_controller.egg-info/entry_points.txt
[1.296s] writing requirements to mybot_controller.egg-info/requires.txt
[1.296s] writing top-level names to mybot_controller.egg-info/top_level.txt
[1.343s] reading manifest file 'mybot_controller.egg-info/SOURCES.txt'
[1.344s] writing manifest file 'mybot_controller.egg-info/SOURCES.txt'
[1.397s] running build_ext
[1.398s] Creating /home/krish/myBot/install/mybot_controller/lib/python3.8/site-packages/mybot-controller.egg-link (link to .)
[1.398s] Installing draw_circle script to /home/krish/myBot/install/mybot_controller/lib/mybot_controller
[1.398s] Installing hello_world script to /home/krish/myBot/install/mybot_controller/lib/mybot_controller
[1.399s] Installing pose_subscriber script to /home/krish/myBot/install/mybot_controller/lib/mybot_controller
[1.399s] Installing turtle_boundary_avoidance script to /home/krish/myBot/install/mybot_controller/lib/mybot_controller
[1.399s] 
[1.399s] Installed /home/krish/myBot/build/mybot_controller
[1.399s] running symlink_data
[1.400s] symbolically linking /home/krish/myBot/build/mybot_controller/resource/mybot_controller -> /home/krish/myBot/install/mybot_controller/share/ament_index/resource_index/packages
[1.400s] symbolically linking /home/krish/myBot/build/mybot_controller/package.xml -> /home/krish/myBot/install/mybot_controller/share/mybot_controller
[1.451s] Invoked command in '/home/krish/myBot/build/mybot_controller' returned '0': PYTHONPATH=/home/krish/myBot/build/mybot_controller/prefix_override:/usr/lib/python3/dist-packages/colcon_core/task/python/colcon_distutils_commands:/home/krish/myBot/install/mybot_controller/lib/python3.8/site-packages:${PYTHONPATH} /usr/bin/python3 -W ignore:setup.py install is deprecated setup.py develop --editable --build-directory /home/krish/myBot/build/mybot_controller/build --no-deps symlink_data --force
