[0.029s] Invoking command in '/home/krish/myBot/build/mybot_bringup': CMAKE_PREFIX_PATH=${CMAKE_PREFIX_PATH}:/home/krish/myBot/install/mybot_controller:/opt/ros/foxy /usr/bin/cmake --build /home/krish/myBot/build/mybot_bringup -- -j4 -l4
[0.316s] Invoked command in '/home/krish/myBot/build/mybot_bringup' returned '0': CMAKE_PREFIX_PATH=${CMAKE_PREFIX_PATH}:/home/krish/myBot/install/mybot_controller:/opt/ros/foxy /usr/bin/cmake --build /home/krish/myBot/build/mybot_bringup -- -j4 -l4
[0.366s] Invoking command in '/home/krish/myBot/build/mybot_bringup': CMAKE_PREFIX_PATH=${CMAKE_PREFIX_PATH}:/home/krish/myBot/install/mybot_controller:/opt/ros/foxy /usr/bin/cmake --install /home/krish/myBot/build/mybot_bringup
[0.376s] -- Install configuration: ""
[0.377s] -- Execute custom install script
[0.377s] -- Up-to-date symlink: /home/krish/myBot/install/mybot_bringup/share/mybot_bringup/launch/catcher.launch.py
[0.378s] -- Up-to-date symlink: /home/krish/myBot/install/mybot_bringup/share/mybot_bringup/launch/mybot_controller.launch.py
[0.378s] -- Up-to-date symlink: /home/krish/myBot/install/mybot_bringup/share/ament_index/resource_index/package_run_dependencies/mybot_bringup
[0.378s] -- Up-to-date symlink: /home/krish/myBot/install/mybot_bringup/share/ament_index/resource_index/parent_prefix_path/mybot_bringup
[0.378s] -- Up-to-date symlink: /home/krish/myBot/install/mybot_bringup/share/mybot_bringup/environment/ament_prefix_path.sh
[0.379s] -- Up-to-date symlink: /home/krish/myBot/install/mybot_bringup/share/mybot_bringup/environment/ament_prefix_path.dsv
[0.379s] -- Up-to-date symlink: /home/krish/myBot/install/mybot_bringup/share/mybot_bringup/environment/path.sh
[0.379s] -- Up-to-date symlink: /home/krish/myBot/install/mybot_bringup/share/mybot_bringup/environment/path.dsv
[0.379s] -- Up-to-date symlink: /home/krish/myBot/install/mybot_bringup/share/mybot_bringup/local_setup.bash
[0.380s] -- Up-to-date symlink: /home/krish/myBot/install/mybot_bringup/share/mybot_bringup/local_setup.sh
[0.380s] -- Up-to-date symlink: /home/krish/myBot/install/mybot_bringup/share/mybot_bringup/local_setup.zsh
[0.380s] -- Up-to-date symlink: /home/krish/myBot/install/mybot_bringup/share/mybot_bringup/local_setup.dsv
[0.381s] -- Symlinking: /home/krish/myBot/install/mybot_bringup/share/mybot_bringup/package.dsv
[0.393s] -- Up-to-date symlink: /home/krish/myBot/install/mybot_bringup/share/ament_index/resource_index/packages/mybot_bringup
[0.393s] -- Up-to-date symlink: /home/krish/myBot/install/mybot_bringup/share/mybot_bringup/cmake/mybot_bringupConfig.cmake
[0.393s] -- Up-to-date symlink: /home/krish/myBot/install/mybot_bringup/share/mybot_bringup/cmake/mybot_bringupConfig-version.cmake
[0.393s] -- Up-to-date symlink: /home/krish/myBot/install/mybot_bringup/share/mybot_bringup/package.xml
[0.397s] Invoked command in '/home/krish/myBot/build/mybot_bringup' returned '0': CMAKE_PREFIX_PATH=${CMAKE_PREFIX_PATH}:/home/krish/myBot/install/mybot_controller:/opt/ros/foxy /usr/bin/cmake --install /home/krish/myBot/build/mybot_bringup
