[0.830s] Invoking command in '/home/krish/myBot/build/mybot_controller': PYTHONPATH=/home/krish/myBot/build/mybot_controller/prefix_override:/usr/lib/python3/dist-packages/colcon_core/task/python/colcon_distutils_commands:/home/krish/myBot/install/mybot_controller/lib/python3.8/site-packages:${PYTHONPATH} /usr/bin/python3 -W ignore:setup.py install is deprecated setup.py develop --uninstall --editable --build-directory /home/krish/myBot/build/mybot_controller/build
[1.103s] running develop
[1.246s] Removing /home/krish/myBot/install/mybot_controller/lib/python3.8/site-packages/mybot-controller.egg-link (link to .)
[1.288s] Invoked command in '/home/krish/myBot/build/mybot_controller' returned '0': PYTHONPATH=/home/krish/myBot/build/mybot_controller/prefix_override:/usr/lib/python3/dist-packages/colcon_core/task/python/colcon_distutils_commands:/home/krish/myBot/install/mybot_controller/lib/python3.8/site-packages:${PYTHONPATH} /usr/bin/python3 -W ignore:setup.py install is deprecated setup.py develop --uninstall --editable --build-directory /home/krish/myBot/build/mybot_controller/build
[1.289s] Invoking command in '/home/krish/myBot/src/mybot_controller': PYTHONPATH=/home/krish/myBot/build/mybot_controller/prefix_override:/usr/lib/python3/dist-packages/colcon_core/task/python/colcon_distutils_commands:/home/krish/myBot/install/mybot_controller/lib/python3.8/site-packages:${PYTHONPATH} /usr/bin/python3 -W ignore:setup.py install is deprecated setup.py egg_info --egg-base ../../build/mybot_controller build --build-base /home/krish/myBot/build/mybot_controller/build install --record /home/krish/myBot/build/mybot_controller/install.log --install-scripts $base/lib/mybot_controller --single-version-externally-managed install_data --force
[1.546s] running egg_info
[1.546s] writing ../../build/mybot_controller/mybot_controller.egg-info/PKG-INFO
[1.547s] writing dependency_links to ../../build/mybot_controller/mybot_controller.egg-info/dependency_links.txt
[1.547s] writing entry points to ../../build/mybot_controller/mybot_controller.egg-info/entry_points.txt
[1.548s] writing requirements to ../../build/mybot_controller/mybot_controller.egg-info/requires.txt
[1.548s] writing top-level names to ../../build/mybot_controller/mybot_controller.egg-info/top_level.txt
[1.596s] reading manifest file '../../build/mybot_controller/mybot_controller.egg-info/SOURCES.txt'
[1.598s] writing manifest file '../../build/mybot_controller/mybot_controller.egg-info/SOURCES.txt'
[1.598s] running build
[1.598s] running build_py
[1.598s] copying mybot_controller/turtle_catcher.py -> /home/krish/myBot/build/mybot_controller/build/lib/mybot_controller
[1.598s] running install
[1.599s] running install_lib
[1.600s] copying /home/krish/myBot/build/mybot_controller/build/lib/mybot_controller/pose_subscriber.py -> /home/krish/myBot/install/mybot_controller/lib/python3.8/site-packages/mybot_controller
[1.600s] copying /home/krish/myBot/build/mybot_controller/build/lib/mybot_controller/draw_circle.py -> /home/krish/myBot/install/mybot_controller/lib/python3.8/site-packages/mybot_controller
[1.600s] copying /home/krish/myBot/build/mybot_controller/build/lib/mybot_controller/__init__.py -> /home/krish/myBot/install/mybot_controller/lib/python3.8/site-packages/mybot_controller
[1.601s] copying /home/krish/myBot/build/mybot_controller/build/lib/mybot_controller/turtle_catcher.py -> /home/krish/myBot/install/mybot_controller/lib/python3.8/site-packages/mybot_controller
[1.601s] copying /home/krish/myBot/build/mybot_controller/build/lib/mybot_controller/turtle_boundary_avoidance.py -> /home/krish/myBot/install/mybot_controller/lib/python3.8/site-packages/mybot_controller
[1.601s] copying /home/krish/myBot/build/mybot_controller/build/lib/mybot_controller/hello_world.py -> /home/krish/myBot/install/mybot_controller/lib/python3.8/site-packages/mybot_controller
[1.602s] byte-compiling /home/krish/myBot/install/mybot_controller/lib/python3.8/site-packages/mybot_controller/pose_subscriber.py to pose_subscriber.cpython-38.pyc
[1.603s] byte-compiling /home/krish/myBot/install/mybot_controller/lib/python3.8/site-packages/mybot_controller/draw_circle.py to draw_circle.cpython-38.pyc
[1.604s] byte-compiling /home/krish/myBot/install/mybot_controller/lib/python3.8/site-packages/mybot_controller/__init__.py to __init__.cpython-38.pyc
[1.604s] byte-compiling /home/krish/myBot/install/mybot_controller/lib/python3.8/site-packages/mybot_controller/turtle_catcher.py to turtle_catcher.cpython-38.pyc
[1.605s] byte-compiling /home/krish/myBot/install/mybot_controller/lib/python3.8/site-packages/mybot_controller/turtle_boundary_avoidance.py to turtle_boundary_avoidance.cpython-38.pyc
[1.605s] byte-compiling /home/krish/myBot/install/mybot_controller/lib/python3.8/site-packages/mybot_controller/hello_world.py to hello_world.cpython-38.pyc
[1.606s] running install_data
[1.606s] copying resource/mybot_controller -> /home/krish/myBot/install/mybot_controller/share/ament_index/resource_index/packages
[1.606s] copying package.xml -> /home/krish/myBot/install/mybot_controller/share/mybot_controller
[1.606s] running install_egg_info
[1.608s] Copying ../../build/mybot_controller/mybot_controller.egg-info to /home/krish/myBot/install/mybot_controller/lib/python3.8/site-packages/mybot_controller-0.0.0-py3.8.egg-info
[1.609s] running install_scripts
[1.631s] Installing catcher script to /home/krish/myBot/install/mybot_controller/lib/mybot_controller
[1.631s] Installing draw_circle script to /home/krish/myBot/install/mybot_controller/lib/mybot_controller
[1.632s] Installing hello_world script to /home/krish/myBot/install/mybot_controller/lib/mybot_controller
[1.632s] Installing pose_subscriber script to /home/krish/myBot/install/mybot_controller/lib/mybot_controller
[1.632s] Installing turtle_boundary_avoidance script to /home/krish/myBot/install/mybot_controller/lib/mybot_controller
[1.632s] writing list of installed files to '/home/krish/myBot/build/mybot_controller/install.log'
[1.672s] Invoked command in '/home/krish/myBot/src/mybot_controller' returned '0': PYTHONPATH=/home/krish/myBot/build/mybot_controller/prefix_override:/usr/lib/python3/dist-packages/colcon_core/task/python/colcon_distutils_commands:/home/krish/myBot/install/mybot_controller/lib/python3.8/site-packages:${PYTHONPATH} /usr/bin/python3 -W ignore:setup.py install is deprecated setup.py egg_info --egg-base ../../build/mybot_controller build --build-base /home/krish/myBot/build/mybot_controller/build install --record /home/krish/myBot/build/mybot_controller/install.log --install-scripts $base/lib/mybot_controller --single-version-externally-managed install_data --force
