[0.028s] Invoking command in '/home/krish/myBot/build/mybot_bringup': CMAKE_PREFIX_PATH=${CMAKE_PREFIX_PATH}:/home/krish/myBot/install/mybot_controller:/opt/ros/foxy /usr/bin/cmake --build /home/krish/myBot/build/mybot_bringup -- -j4 -l4
[0.324s] Invoked command in '/home/krish/myBot/build/mybot_bringup' returned '0': CMAKE_PREFIX_PATH=${CMAKE_PREFIX_PATH}:/home/krish/myBot/install/mybot_controller:/opt/ros/foxy /usr/bin/cmake --build /home/krish/myBot/build/mybot_bringup -- -j4 -l4
[0.372s] Invoking command in '/home/krish/myBot/build/mybot_bringup': CMAKE_PREFIX_PATH=${CMAKE_PREFIX_PATH}:/home/krish/myBot/install/mybot_controller:/opt/ros/foxy /usr/bin/cmake --install /home/krish/myBot/build/mybot_bringup
[0.382s] -- Install configuration: ""
[0.383s] -- Execute custom install script
[0.383s] -- Up-to-date symlink: /home/krish/myBot/install/mybot_bringup/share/mybot_bringup/launch/catcher.launch.py
[0.383s] -- Up-to-date symlink: /home/krish/myBot/install/mybot_bringup/share/ament_index/resource_index/package_run_dependencies/mybot_bringup
[0.384s] -- Up-to-date symlink: /home/krish/myBot/install/mybot_bringup/share/ament_index/resource_index/parent_prefix_path/mybot_bringup
[0.384s] -- Up-to-date symlink: /home/krish/myBot/install/mybot_bringup/share/mybot_bringup/environment/ament_prefix_path.sh
[0.384s] -- Up-to-date symlink: /home/krish/myBot/install/mybot_bringup/share/mybot_bringup/environment/ament_prefix_path.dsv
[0.385s] -- Up-to-date symlink: /home/krish/myBot/install/mybot_bringup/share/mybot_bringup/environment/path.sh
[0.385s] -- Up-to-date symlink: /home/krish/myBot/install/mybot_bringup/share/mybot_bringup/environment/path.dsv
[0.385s] -- Up-to-date symlink: /home/krish/myBot/install/mybot_bringup/share/mybot_bringup/local_setup.bash
[0.386s] -- Up-to-date symlink: /home/krish/myBot/install/mybot_bringup/share/mybot_bringup/local_setup.sh
[0.386s] -- Up-to-date symlink: /home/krish/myBot/install/mybot_bringup/share/mybot_bringup/local_setup.zsh
[0.386s] -- Up-to-date symlink: /home/krish/myBot/install/mybot_bringup/share/mybot_bringup/local_setup.dsv
[0.386s] -- Symlinking: /home/krish/myBot/install/mybot_bringup/share/mybot_bringup/package.dsv
[0.399s] -- Up-to-date symlink: /home/krish/myBot/install/mybot_bringup/share/ament_index/resource_index/packages/mybot_bringup
[0.399s] -- Up-to-date symlink: /home/krish/myBot/install/mybot_bringup/share/mybot_bringup/cmake/mybot_bringupConfig.cmake
[0.399s] -- Up-to-date symlink: /home/krish/myBot/install/mybot_bringup/share/mybot_bringup/cmake/mybot_bringupConfig-version.cmake
[0.399s] -- Up-to-date symlink: /home/krish/myBot/install/mybot_bringup/share/mybot_bringup/package.xml
[0.408s] Invoked command in '/home/krish/myBot/build/mybot_bringup' returned '0': CMAKE_PREFIX_PATH=${CMAKE_PREFIX_PATH}:/home/krish/myBot/install/mybot_controller:/opt/ros/foxy /usr/bin/cmake --install /home/krish/myBot/build/mybot_bringup
