[0.790s] Invoking command in '/home/krish/myBot/build/mybot_controller': PYTHONPATH=/home/krish/myBot/build/mybot_controller/prefix_override:/usr/lib/python3/dist-packages/colcon_core/task/python/colcon_distutils_commands:/home/krish/myBot/install/mybot_controller/lib/python3.8/site-packages:${PYTHONPATH} /usr/bin/python3 -W ignore:setup.py install is deprecated setup.py develop --editable --build-directory /home/krish/myBot/build/mybot_controller/build --no-deps symlink_data --force
[1.072s] running develop
[1.212s] running egg_info
[1.212s] writing mybot_controller.egg-info/PKG-INFO
[1.212s] writing dependency_links to mybot_controller.egg-info/dependency_links.txt
[1.213s] writing entry points to mybot_controller.egg-info/entry_points.txt
[1.213s] writing requirements to mybot_controller.egg-info/requires.txt
[1.213s] writing top-level names to mybot_controller.egg-info/top_level.txt
[1.260s] reading manifest file 'mybot_controller.egg-info/SOURCES.txt'
[1.261s] writing manifest file 'mybot_controller.egg-info/SOURCES.txt'
[1.314s] running build_ext
[1.315s] Creating /home/krish/myBot/install/mybot_controller/lib/python3.8/site-packages/mybot-controller.egg-link (link to .)
[1.315s] Installing draw_circle script to /home/krish/myBot/install/mybot_controller/lib/mybot_controller
[1.315s] Installing hello_world script to /home/krish/myBot/install/mybot_controller/lib/mybot_controller
[1.316s] Installing pose_subscriber script to /home/krish/myBot/install/mybot_controller/lib/mybot_controller
[1.316s] 
[1.316s] Installed /home/krish/myBot/build/mybot_controller
[1.316s] running symlink_data
[1.316s] symbolically linking /home/krish/myBot/build/mybot_controller/resource/mybot_controller -> /home/krish/myBot/install/mybot_controller/share/ament_index/resource_index/packages
[1.316s] symbolically linking /home/krish/myBot/build/mybot_controller/package.xml -> /home/krish/myBot/install/mybot_controller/share/mybot_controller
[1.367s] Invoked command in '/home/krish/myBot/build/mybot_controller' returned '0': PYTHONPATH=/home/krish/myBot/build/mybot_controller/prefix_override:/usr/lib/python3/dist-packages/colcon_core/task/python/colcon_distutils_commands:/home/krish/myBot/install/mybot_controller/lib/python3.8/site-packages:${PYTHONPATH} /usr/bin/python3 -W ignore:setup.py install is deprecated setup.py develop --editable --build-directory /home/krish/myBot/build/mybot_controller/build --no-deps symlink_data --force
