[0.036s] Invoking command in '/home/krish/myBot/build/mybot_bringup': CMAKE_PREFIX_PATH=/home/krish/myBot/install/mybot_controller:/opt/ros/foxy /usr/bin/cmake --build /home/krish/myBot/build/mybot_bringup -- -j4 -l4
[0.372s] Invoked command in '/home/krish/myBot/build/mybot_bringup' returned '0': CMAKE_PREFIX_PATH=/home/krish/myBot/install/mybot_controller:/opt/ros/foxy /usr/bin/cmake --build /home/krish/myBot/build/mybot_bringup -- -j4 -l4
[0.422s] Invoking command in '/home/krish/myBot/build/mybot_bringup': CMAKE_PREFIX_PATH=/home/krish/myBot/install/mybot_controller:/opt/ros/foxy /usr/bin/cmake --install /home/krish/myBot/build/mybot_bringup
[0.437s] -- Install configuration: ""
[0.438s] -- Installing: /home/krish/myBot/install/mybot_bringup/share/mybot_bringup/launch
[0.438s] -- Installing: /home/krish/myBot/install/mybot_bringup/share/mybot_bringup/launch/mybot_controller.launch.py
[0.438s] -- Installing: /home/krish/myBot/install/mybot_bringup/share/ament_index/resource_index/package_run_dependencies/mybot_bringup
[0.438s] -- Up-to-date: /home/krish/myBot/install/mybot_bringup/share/ament_index/resource_index/parent_prefix_path/mybot_bringup
[0.439s] -- Up-to-date: /home/krish/myBot/install/mybot_bringup/share/mybot_bringup/environment/ament_prefix_path.sh
[0.439s] -- Installing: /home/krish/myBot/install/mybot_bringup/share/mybot_bringup/environment/ament_prefix_path.dsv
[0.439s] -- Up-to-date: /home/krish/myBot/install/mybot_bringup/share/mybot_bringup/environment/path.sh
[0.439s] -- Installing: /home/krish/myBot/install/mybot_bringup/share/mybot_bringup/environment/path.dsv
[0.439s] -- Up-to-date: /home/krish/myBot/install/mybot_bringup/share/mybot_bringup/local_setup.bash
[0.440s] -- Up-to-date: /home/krish/myBot/install/mybot_bringup/share/mybot_bringup/local_setup.sh
[0.440s] -- Up-to-date: /home/krish/myBot/install/mybot_bringup/share/mybot_bringup/local_setup.zsh
[0.440s] -- Installing: /home/krish/myBot/install/mybot_bringup/share/mybot_bringup/local_setup.dsv
[0.440s] -- Up-to-date: /home/krish/myBot/install/mybot_bringup/share/mybot_bringup/package.dsv
[0.440s] -- Up-to-date: /home/krish/myBot/install/mybot_bringup/share/ament_index/resource_index/packages/mybot_bringup
[0.440s] -- Up-to-date: /home/krish/myBot/install/mybot_bringup/share/mybot_bringup/cmake/mybot_bringupConfig.cmake
[0.440s] -- Up-to-date: /home/krish/myBot/install/mybot_bringup/share/mybot_bringup/cmake/mybot_bringupConfig-version.cmake
[0.440s] -- Installing: /home/krish/myBot/install/mybot_bringup/share/mybot_bringup/package.xml
[0.444s] Invoked command in '/home/krish/myBot/build/mybot_bringup' returned '0': CMAKE_PREFIX_PATH=/home/krish/myBot/install/mybot_controller:/opt/ros/foxy /usr/bin/cmake --install /home/krish/myBot/build/mybot_bringup
